{"numTotalTestSuites":68,"numPassedTestSuites":68,"numFailedTestSuites":0,"numPendingTestSuites":0,"numTotalTests":103,"numPassedTests":103,"numFailedTests":0,"numPendingTests":0,"numTodoTests":0,"snapshot":{"added":0,"failure":false,"filesAdded":0,"filesRemoved":0,"filesRemovedList":[],"filesUnmatched":0,"filesUpdated":0,"matched":0,"total":0,"unchecked":0,"uncheckedKeysByFile":[],"unmatched":0,"updated":0,"didUpdate":false},"startTime":1763716541403,"success":true,"testResults":[{"assertionResults":[{"ancestorTitles":["AquariumCanvas"],"fullName":"AquariumCanvas should render a container div","status":"passed","title":"should render a container div","duration":46.51025000000004,"failureMessages":[],"meta":{}},{"ancestorTitles":["AquariumCanvas"],"fullName":"AquariumCanvas should have correct styling dimensions","status":"passed","title":"should have correct styling dimensions","duration":79.92612499999996,"failureMessages":[],"meta":{}},{"ancestorTitles":["AquariumCanvas"],"fullName":"AquariumCanvas should handle window resize events","status":"passed","title":"should handle window resize events","duration":3.80724999999984,"failureMessages":[],"meta":{}},{"ancestorTitles":["AquariumCanvas"],"fullName":"AquariumCanvas should setup test helpers when env flag is enabled","status":"passed","title":"should setup test helpers when env flag is enabled","duration":56.18795900000009,"failureMessages":[],"meta":{}},{"ancestorTitles":["AquariumCanvas"],"fullName":"AquariumCanvas should setup test helpers when URL param is enabled","status":"passed","title":"should setup test helpers when URL param is enabled","duration":54.818042000000105,"failureMessages":[],"meta":{}},{"ancestorTitles":["AquariumCanvas"],"fullName":"AquariumCanvas should handle URL parsing errors gracefully","status":"passed","title":"should handle URL parsing errors gracefully","duration":4.727082999999993,"failureMessages":[],"meta":{}},{"ancestorTitles":["AquariumCanvas"],"fullName":"AquariumCanvas should handle test helper setup errors gracefully","status":"passed","title":"should handle test helper setup errors gracefully","duration":4.314416999999821,"failureMessages":[],"meta":{}},{"ancestorTitles":["AquariumCanvas"],"fullName":"AquariumCanvas should handle dimensions when width and height are provided","status":"passed","title":"should handle dimensions when width and height are provided","duration":29.271375000000035,"failureMessages":[],"meta":{}},{"ancestorTitles":["AquariumCanvas"],"fullName":"AquariumCanvas should handle default dimensions when no props provided","status":"passed","title":"should handle default dimensions when no props provided","duration":15.425707999999986,"failureMessages":[],"meta":{}},{"ancestorTitles":["AquariumCanvas"],"fullName":"AquariumCanvas should not throw errors during mounting and unmounting","status":"passed","title":"should not throw errors during mounting and unmounting","duration":1.4974170000000413,"failureMessages":[],"meta":{}},{"ancestorTitles":["AquariumCanvas"],"fullName":"AquariumCanvas should handle different viewport dimensions","status":"passed","title":"should handle different viewport dimensions","duration":18.03520800000001,"failureMessages":[],"meta":{}}],"startTime":1763716542582,"endTime":1763716542896.0352,"status":"passed","message":"","name":"/Users/renaat/Development-Eigen/FishBowl/tests/integration/AquariumCanvas.test.tsx"},{"assertionResults":[{"ancestorTitles":["Buy and Tick Integration"],"fullName":"Buy and Tick Integration should buy fish and update credits","status":"passed","title":"should buy fish and update credits","duration":2.65462500000001,"failureMessages":[],"meta":{}},{"ancestorTitles":["Buy and Tick Integration"],"fullName":"Buy and Tick Integration should increment fish age on tick","status":"passed","title":"should increment fish age on tick","duration":0.762416999999914,"failureMessages":[],"meta":{}}],"startTime":1763716545502,"endTime":1763716545505.7625,"status":"passed","message":"","name":"/Users/renaat/Development-Eigen/FishBowl/tests/integration/BuyAndTick.test.ts"},{"assertionResults":[{"ancestorTitles":["Cleaning Workflow Integration"],"fullName":"Cleaning Workflow Integration should deduct credits and reduce pollution when cleaning","status":"passed","title":"should deduct credits and reduce pollution when cleaning","duration":0.8458340000000817,"failureMessages":[],"meta":{}},{"ancestorTitles":["Cleaning Workflow Integration"],"fullName":"Cleaning Workflow Integration should improve water quality when cleaning","status":"passed","title":"should improve water quality when cleaning","duration":0.1287920000000895,"failureMessages":[],"meta":{}},{"ancestorTitles":["Cleaning Workflow Integration"],"fullName":"Cleaning Workflow Integration should not clean if insufficient credits","status":"passed","title":"should not clean if insufficient credits","duration":0.106708000000026,"failureMessages":[],"meta":{}}],"startTime":1763716543486,"endTime":1763716543487.129,"status":"passed","message":"","name":"/Users/renaat/Development-Eigen/FishBowl/tests/integration/CleaningWorkflow.test.ts"},{"assertionResults":[{"ancestorTitles":["Developer Mode Initialization Integration"],"fullName":"Developer Mode Initialization Integration enables developer mode and sets starting state when ?dev=true","status":"passed","title":"enables developer mode and sets starting state when ?dev=true","duration":0.9277920000000677,"failureMessages":[],"meta":{}},{"ancestorTitles":["Developer Mode Initialization Integration"],"fullName":"Developer Mode Initialization Integration honors tutorial=false query param when not in dev mode","status":"passed","title":"honors tutorial=false query param when not in dev mode","duration":0.1426249999999527,"failureMessages":[],"meta":{}}],"startTime":1763716546186,"endTime":1763716546187.1426,"status":"passed","message":"","name":"/Users/renaat/Development-Eigen/FishBowl/tests/integration/DeveloperModeInit.test.ts"},{"assertionResults":[{"ancestorTitles":["Feed and Survive Integration"],"fullName":"Feed and Survive Integration should allow fish to starve if not fed","status":"passed","title":"should allow fish to starve if not fed","duration":3.1598330000001624,"failureMessages":[],"meta":{}},{"ancestorTitles":["Feed and Survive Integration"],"fullName":"Feed and Survive Integration should prevent death if fed","status":"passed","title":"should prevent death if fed","duration":4.64020800000003,"failureMessages":[],"meta":{}}],"startTime":1763716542621,"endTime":1763716542628.6401,"status":"passed","message":"","name":"/Users/renaat/Development-Eigen/FishBowl/tests/integration/FeedAndSurvive.test.ts"},{"assertionResults":[{"ancestorTitles":["Feeding Workflow Integration"],"fullName":"Feeding Workflow Integration should deduct credits and increase pollution when feeding","status":"passed","title":"should deduct credits and increase pollution when feeding","duration":1.2994169999999485,"failureMessages":[],"meta":{}},{"ancestorTitles":["Feeding Workflow Integration"],"fullName":"Feeding Workflow Integration should reduce hunger of living fish","status":"passed","title":"should reduce hunger of living fish","duration":0.23654199999998582,"failureMessages":[],"meta":{}},{"ancestorTitles":["Feeding Workflow Integration"],"fullName":"Feeding Workflow Integration should not feed if insufficient credits","status":"passed","title":"should not feed if insufficient credits","duration":0.10416599999996379,"failureMessages":[],"meta":{}}],"startTime":1763716544837,"endTime":1763716544839.1042,"status":"passed","message":"","name":"/Users/renaat/Development-Eigen/FishBowl/tests/integration/FeedingWorkflow.test.ts"},{"assertionResults":[{"ancestorTitles":["Fish inspect & sell flow"],"fullName":"Fish inspect & sell flow selects a fish and sells it via panel","status":"passed","title":"selects a fish and sells it via panel","duration":2.5090000000000146,"failureMessages":[],"meta":{}}],"startTime":1763716544484,"endTime":1763716544486.509,"status":"passed","message":"","name":"/Users/renaat/Development-Eigen/FishBowl/tests/integration/FishInspect.test.ts"},{"assertionResults":[{"ancestorTitles":["Multi-tank support"],"fullName":"Multi-tank support can add multiple tanks and select between them","status":"passed","title":"can add multiple tanks and select between them","duration":0.9093330000000606,"failureMessages":[],"meta":{}},{"ancestorTitles":["Multi-tank support"],"fullName":"Multi-tank support setTanks replaces array and selects first","status":"passed","title":"setTanks replaces array and selects first","duration":0.14716699999996763,"failureMessages":[],"meta":{}},{"ancestorTitles":["Multi-tank support"],"fullName":"Multi-tank support setTank upserts and selects","status":"passed","title":"setTank upserts and selects","duration":0.20220799999992778,"failureMessages":[],"meta":{}}],"startTime":1763716543805,"endTime":1763716543806.2021,"status":"passed","message":"","name":"/Users/renaat/Development-Eigen/FishBowl/tests/integration/MultiTank.test.ts"},{"assertionResults":[{"ancestorTitles":["Pollution System Integration"],"fullName":"Pollution System Integration should accumulate pollution from fish over time","status":"passed","title":"should accumulate pollution from fish over time","duration":2.6323329999999032,"failureMessages":[],"meta":{}},{"ancestorTitles":["Pollution System Integration"],"fullName":"Pollution System Integration should reduce pollution accumulation when filter is installed","status":"passed","title":"should reduce pollution accumulation when filter is installed","duration":0.4722500000000309,"failureMessages":[],"meta":{}},{"ancestorTitles":["Pollution System Integration"],"fullName":"Pollution System Integration should apply health penalty when water quality is low","status":"passed","title":"should apply health penalty when water quality is low","duration":0.32349999999996726,"failureMessages":[],"meta":{}},{"ancestorTitles":["Pollution System Integration"],"fullName":"Pollution System Integration should allow buying filter for STANDARD tank","status":"passed","title":"should allow buying filter for STANDARD tank","duration":0.29720799999995506,"failureMessages":[],"meta":{}},{"ancestorTitles":["Pollution System Integration"],"fullName":"Pollution System Integration should NOT allow buying filter for BOWL tank","status":"passed","title":"should NOT allow buying filter for BOWL tank","duration":0.28312499999992724,"failureMessages":[],"meta":{}}],"startTime":1763716544769,"endTime":1763716544773.2832,"status":"passed","message":"","name":"/Users/renaat/Development-Eigen/FishBowl/tests/integration/PollutionSystem.test.ts"},{"assertionResults":[{"ancestorTitles":["Progression Mechanics"],"fullName":"Progression Mechanics should award maturity bonus when fish reaches mature age","status":"passed","title":"should award maturity bonus when fish reaches mature age","duration":1.414459000000079,"failureMessages":[],"meta":{}},{"ancestorTitles":["Progression Mechanics"],"fullName":"Progression Mechanics should only award maturity bonus once","status":"passed","title":"should only award maturity bonus once","duration":0.1981670000000122,"failureMessages":[],"meta":{}},{"ancestorTitles":["Progression Mechanics"],"fullName":"Progression Mechanics should allow upgrading tank from BOWL to STANDARD","status":"passed","title":"should allow upgrading tank from BOWL to STANDARD","duration":0.2292089999999689,"failureMessages":[],"meta":{}},{"ancestorTitles":["Progression Mechanics"],"fullName":"Progression Mechanics should NOT allow upgrading if insufficient credits","status":"passed","title":"should NOT allow upgrading if insufficient credits","duration":0.10512499999992997,"failureMessages":[],"meta":{}}],"startTime":1763716545469,"endTime":1763716545471.2292,"status":"passed","message":"","name":"/Users/renaat/Development-Eigen/FishBowl/tests/integration/Progression.test.ts"},{"assertionResults":[{"ancestorTitles":["RenderingEngine Integration"],"fullName":"RenderingEngine Integration should initialize with tank","status":"passed","title":"should initialize with tank","duration":22.91558299999997,"failureMessages":[],"meta":{}},{"ancestorTitles":["RenderingEngine Integration"],"fullName":"RenderingEngine Integration should spawn fish","status":"passed","title":"should spawn fish","duration":21.415666999999985,"failureMessages":[],"meta":{}},{"ancestorTitles":["RenderingEngine Integration"],"fullName":"RenderingEngine Integration should update fish positions on tick","status":"passed","title":"should update fish positions on tick","duration":19.024875000000065,"failureMessages":[],"meta":{}},{"ancestorTitles":["RenderingEngine Integration"],"fullName":"RenderingEngine Integration should spawn fish with varied colors and sizes","status":"passed","title":"should spawn fish with varied colors and sizes","duration":19.92183399999999,"failureMessages":[],"meta":{}},{"ancestorTitles":["RenderingEngine Integration"],"fullName":"RenderingEngine Integration should log metrics after update","status":"passed","title":"should log metrics after update","duration":1122.506875,"failureMessages":[],"meta":{}},{"ancestorTitles":["RenderingEngine Integration"],"fullName":"RenderingEngine Integration should handle destroy without errors","status":"passed","title":"should handle destroy without errors","duration":19.28929100000005,"failureMessages":[],"meta":{}}],"startTime":1763716542681,"endTime":1763716543906.2893,"status":"passed","message":"","name":"/Users/renaat/Development-Eigen/FishBowl/tests/integration/RenderingEngine.test.ts"},{"assertionResults":[{"ancestorTitles":["Sell Fish Workflow Integration"],"fullName":"Sell Fish Workflow Integration should sell fish and increase credits","status":"passed","title":"should sell fish and increase credits","duration":1.5162089999998898,"failureMessages":[],"meta":{}},{"ancestorTitles":["Sell Fish Workflow Integration"],"fullName":"Sell Fish Workflow Integration should not do anything if fish not found","status":"passed","title":"should not do anything if fish not found","duration":0.12479199999984303,"failureMessages":[],"meta":{}}],"startTime":1763716542621,"endTime":1763716542622.516,"status":"passed","message":"","name":"/Users/renaat/Development-Eigen/FishBowl/tests/integration/SellFishWorkflow.test.ts"},{"assertionResults":[{"ancestorTitles":["Performance Stress Test"],"fullName":"Performance Stress Test should handle 20 fish without crashing","status":"passed","title":"should handle 20 fish without crashing","duration":31.86266599999999,"failureMessages":[],"meta":{}},{"ancestorTitles":["Performance Stress Test"],"fullName":"Performance Stress Test should handle 50 fish (stress test)","status":"passed","title":"should handle 50 fish (stress test)","duration":24.312207999999828,"failureMessages":[],"meta":{}}],"startTime":1763716542681,"endTime":1763716542737.3123,"status":"passed","message":"","name":"/Users/renaat/Development-Eigen/FishBowl/tests/integration/performance.test.ts"},{"assertionResults":[{"ancestorTitles":["EconomyService"],"fullName":"EconomyService returns correct fish cost from species config","status":"passed","title":"returns correct fish cost from species config","duration":1.64325000000008,"failureMessages":[],"meta":{}},{"ancestorTitles":["EconomyService"],"fullName":"EconomyService canBuyFish respects credits and tank capacity","status":"passed","title":"canBuyFish respects credits and tank capacity","duration":0.3532920000000104,"failureMessages":[],"meta":{}},{"ancestorTitles":["EconomyService"],"fullName":"EconomyService calculates feed cost and canFeed","status":"passed","title":"calculates feed cost and canFeed","duration":0.3310830000000351,"failureMessages":[],"meta":{}},{"ancestorTitles":["EconomyService"],"fullName":"EconomyService canClean and canBuyFilter and canUpgradeTank behaviors","status":"passed","title":"canClean and canBuyFilter and canUpgradeTank behaviors","duration":0.4197080000000142,"failureMessages":[],"meta":{}}],"startTime":1763716545788,"endTime":1763716545790.4197,"status":"passed","message":"","name":"/Users/renaat/Development-Eigen/FishBowl/tests/unit/EconomyService.test.ts"},{"assertionResults":[{"ancestorTitles":["Fish Model"],"fullName":"Fish Model should initialize with default values","status":"passed","title":"should initialize with default values","duration":4.137750000000096,"failureMessages":[],"meta":{}},{"ancestorTitles":["Fish Model"],"fullName":"Fish Model should update position based on velocity","status":"passed","title":"should update position based on velocity","duration":0.20775000000003274,"failureMessages":[],"meta":{}},{"ancestorTitles":["Fish Model"],"fullName":"Fish Model should apply force to acceleration","status":"passed","title":"should apply force to acceleration","duration":0.16049999999995634,"failureMessages":[],"meta":{}}],"startTime":1763716545729,"endTime":1763716545734.2078,"status":"passed","message":"","name":"/Users/renaat/Development-Eigen/FishBowl/tests/unit/Fish.test.ts"},{"assertionResults":[{"ancestorTitles":["FishController"],"fullName":"FishController adds fish from store to tank and calls renderManager.addFish","status":"passed","title":"adds fish from store to tank and calls renderManager.addFish","duration":4.038000000000011,"failureMessages":[],"meta":{}},{"ancestorTitles":["FishController"],"fullName":"FishController removes fish not present in store and calls renderManager.removeFish","status":"passed","title":"removes fish not present in store and calls renderManager.removeFish","duration":0.7995420000000877,"failureMessages":[],"meta":{}}],"startTime":1763716545439,"endTime":1763716545444.7996,"status":"passed","message":"","name":"/Users/renaat/Development-Eigen/FishBowl/tests/unit/FishController.test.ts"},{"assertionResults":[{"ancestorTitles":["FishService"],"fullName":"FishService should create a fish with correct species config","status":"passed","title":"should create a fish with correct species config","duration":0.9363749999999982,"failureMessages":[],"meta":{}},{"ancestorTitles":["FishService"],"fullName":"FishService should tick fish age and hunger","status":"passed","title":"should tick fish age and hunger","duration":0.1490000000000009,"failureMessages":[],"meta":{}},{"ancestorTitles":["FishService"],"fullName":"FishService should calculate fish value correctly","status":"passed","title":"should calculate fish value correctly","duration":0.07350000000008095,"failureMessages":[],"meta":{}}],"startTime":1763716544497,"endTime":1763716544498.149,"status":"passed","message":"","name":"/Users/renaat/Development-Eigen/FishBowl/tests/unit/FishService.test.ts"},{"assertionResults":[{"ancestorTitles":["FishSprite"],"fullName":"FishSprite should initialize from fish model","status":"passed","title":"should initialize from fish model","duration":2.2729170000000067,"failureMessages":[],"meta":{}},{"ancestorTitles":["FishSprite"],"fullName":"FishSprite should update position from fish model","status":"passed","title":"should update position from fish model","duration":0.6365419999999631,"failureMessages":[],"meta":{}},{"ancestorTitles":["FishSprite"],"fullName":"FishSprite should handle rotation when fish has velocity","status":"passed","title":"should handle rotation when fish has velocity","duration":0.24049999999999727,"failureMessages":[],"meta":{}}],"startTime":1763716543904,"endTime":1763716543908.2405,"status":"passed","message":"","name":"/Users/renaat/Development-Eigen/FishBowl/tests/unit/FishSprite.test.ts"},{"assertionResults":[{"ancestorTitles":["GameLoopService"],"fullName":"GameLoopService should start and call callback","status":"passed","title":"should start and call callback","duration":2.3823340000000144,"failureMessages":[],"meta":{}},{"ancestorTitles":["GameLoopService"],"fullName":"GameLoopService should stop calling callback when stopped","status":"passed","title":"should stop calling callback when stopped","duration":0.2572089999999889,"failureMessages":[],"meta":{}}],"startTime":1763716544847,"endTime":1763716544850.2573,"status":"passed","message":"","name":"/Users/renaat/Development-Eigen/FishBowl/tests/unit/GameLoopService.test.ts"},{"assertionResults":[{"ancestorTitles":["Game mode helpers"],"fullName":"Game mode helpers setMode(\"tutorial\") enables tutorial and provides a BOWL tank","status":"passed","title":"setMode(\"tutorial\") enables tutorial and provides a BOWL tank","duration":0.9311669999999594,"failureMessages":[],"meta":{}},{"ancestorTitles":["Game mode helpers"],"fullName":"Game mode helpers setMode(\"dev\") disables tutorial and provides a STANDARD tank with elevated credits","status":"passed","title":"setMode(\"dev\") disables tutorial and provides a STANDARD tank with elevated credits","duration":0.19495900000003985,"failureMessages":[],"meta":{}}],"startTime":1763716546180,"endTime":1763716546181.195,"status":"passed","message":"","name":"/Users/renaat/Development-Eigen/FishBowl/tests/unit/GameMode.test.ts"},{"assertionResults":[{"ancestorTitles":["RenderingEngine helpers"],"fullName":"RenderingEngine helpers getFishScreenPositions falls back and waitForFishRendered polls until available","status":"passed","title":"getFishScreenPositions falls back and waitForFishRendered polls until available","duration":209.73262499999987,"failureMessages":[],"meta":{}}],"startTime":1763716542681,"endTime":1763716542890.7327,"status":"passed","message":"","name":"/Users/renaat/Development-Eigen/FishBowl/tests/unit/RenderingEngine.test.ts"},{"assertionResults":[{"ancestorTitles":["Tank Model"],"fullName":"Tank Model should initialize with dimensions","status":"passed","title":"should initialize with dimensions","duration":1.706083000000035,"failureMessages":[],"meta":{}},{"ancestorTitles":["Tank Model"],"fullName":"Tank Model should add fish","status":"passed","title":"should add fish","duration":0.16116600000009385,"failureMessages":[],"meta":{}},{"ancestorTitles":["Tank Model"],"fullName":"Tank Model should update all fish","status":"passed","title":"should update all fish","duration":0.49070800000004056,"failureMessages":[],"meta":{}}],"startTime":1763716544401,"endTime":1763716544402.706,"status":"passed","message":"","name":"/Users/renaat/Development-Eigen/FishBowl/tests/unit/Tank.test.ts"},{"assertionResults":[{"ancestorTitles":["TankContainer.getFishScreenPositions"],"fullName":"TankContainer.getFishScreenPositions returns empty array when no sprites","status":"passed","title":"returns empty array when no sprites","duration":2.0424580000001242,"failureMessages":[],"meta":{}},{"ancestorTitles":["TankContainer.getFishScreenPositions"],"fullName":"TankContainer.getFishScreenPositions uses sprite.getGlobalPosition when available","status":"passed","title":"uses sprite.getGlobalPosition when available","duration":0.5692920000001322,"failureMessages":[],"meta":{}},{"ancestorTitles":["TankContainer.getFishScreenPositions"],"fullName":"TankContainer.getFishScreenPositions falls back to position accumulation when no getGlobalPosition","status":"passed","title":"falls back to position accumulation when no getGlobalPosition","duration":0.15420800000015333,"failureMessages":[],"meta":{}},{"ancestorTitles":["TankContainer.getFishScreenPositions"],"fullName":"TankContainer.getFishScreenPositions clicking background clears selection via pointerdown","status":"passed","title":"clicking background clears selection via pointerdown","duration":0.9311250000000655,"failureMessages":[],"meta":{}}],"startTime":1763716542622,"endTime":1763716542624.9312,"status":"passed","message":"","name":"/Users/renaat/Development-Eigen/FishBowl/tests/unit/TankContainer.test.ts"},{"assertionResults":[{"ancestorTitles":["TankView"],"fullName":"TankView should initialize with a tank model","status":"passed","title":"should initialize with a tank model","duration":1.3430829999999787,"failureMessages":[],"meta":{}},{"ancestorTitles":["TankView"],"fullName":"TankView should create a background graphics object","status":"passed","title":"should create a background graphics object","duration":0.25766699999996945,"failureMessages":[],"meta":{}},{"ancestorTitles":["TankView"],"fullName":"TankView should draw the tank dimensions","status":"passed","title":"should draw the tank dimensions","duration":0.08754099999998743,"failureMessages":[],"meta":{}}],"startTime":1763716543495,"endTime":1763716543497.2576,"status":"passed","message":"","name":"/Users/renaat/Development-Eigen/FishBowl/tests/unit/TankView.test.ts"},{"assertionResults":[{"ancestorTitles":["Collision Utilities","detectFishCollision"],"fullName":"Collision Utilities detectFishCollision should return true if fish overlap","status":"passed","title":"should return true if fish overlap","duration":2.0376249999999345,"failureMessages":[],"meta":{}},{"ancestorTitles":["Collision Utilities","detectFishCollision"],"fullName":"Collision Utilities detectFishCollision should return false if fish do not overlap","status":"passed","title":"should return false if fish do not overlap","duration":0.19041700000002493,"failureMessages":[],"meta":{}},{"ancestorTitles":["Collision Utilities","resolveBoundaryCollision"],"fullName":"Collision Utilities resolveBoundaryCollision should reverse vx if hitting x boundary","status":"passed","title":"should reverse vx if hitting x boundary","duration":0.3038340000000517,"failureMessages":[],"meta":{}},{"ancestorTitles":["Collision Utilities","resolveBoundaryCollision"],"fullName":"Collision Utilities resolveBoundaryCollision should reverse vy if hitting y boundary","status":"passed","title":"should reverse vy if hitting y boundary","duration":0.17325000000005275,"failureMessages":[],"meta":{}},{"ancestorTitles":["Collision Utilities","resolveBoundaryCollision"],"fullName":"Collision Utilities resolveBoundaryCollision should prevent fish from going above water level","status":"passed","title":"should prevent fish from going above water level","duration":0.15191600000002836,"failureMessages":[],"meta":{}},{"ancestorTitles":["Collision Utilities","resolveFishCollision"],"fullName":"Collision Utilities resolveFishCollision should swap velocities for equal mass head-on collision","status":"passed","title":"should swap velocities for equal mass head-on collision","duration":0.3334580000000642,"failureMessages":[],"meta":{}}],"startTime":1763716543543,"endTime":1763716543547.3335,"status":"passed","message":"","name":"/Users/renaat/Development-Eigen/FishBowl/tests/unit/collision.test.ts"},{"assertionResults":[{"ancestorTitles":["Fish slice"],"fullName":"Fish slice starts empty and allows adding and removing fish","status":"passed","title":"starts empty and allows adding and removing fish","duration":1.019042000000013,"failureMessages":[],"meta":{}}],"startTime":1763716546240,"endTime":1763716546241.019,"status":"passed","message":"","name":"/Users/renaat/Development-Eigen/FishBowl/tests/unit/fishSlice.test.ts"},{"assertionResults":[{"ancestorTitles":["Game slice - tick and mode behaviors"],"fullName":"Game slice - tick and mode behaviors awards maturity bonus once when fish is mature in BOWL tank","status":"passed","title":"awards maturity bonus once when fish is mature in BOWL tank","duration":1.3242089999999962,"failureMessages":[],"meta":{}},{"ancestorTitles":["Game slice - tick and mode behaviors"],"fullName":"Game slice - tick and mode behaviors increments pollution per living fish and updates waterQuality","status":"passed","title":"increments pollution per living fish and updates waterQuality","duration":0.17962499999998727,"failureMessages":[],"meta":{}},{"ancestorTitles":["Game slice - tick and mode behaviors"],"fullName":"Game slice - tick and mode behaviors setMode dev sets developerMode and dev tank","status":"passed","title":"setMode dev sets developerMode and dev tank","duration":0.1586250000000291,"failureMessages":[],"meta":{}},{"ancestorTitles":["Game slice - tick and mode behaviors"],"fullName":"Game slice - tick and mode behaviors initializeFromQuery honors dev and tutorial params","status":"passed","title":"initializeFromQuery honors dev and tutorial params","duration":0.1646659999998974,"failureMessages":[],"meta":{}}],"startTime":1763716543455,"endTime":1763716543457.1646,"status":"passed","message":"","name":"/Users/renaat/Development-Eigen/FishBowl/tests/unit/gameSlice.test.ts"},{"assertionResults":[{"ancestorTitles":["Physics Utilities","updateVelocity"],"fullName":"Physics Utilities updateVelocity should update velocity based on acceleration","status":"passed","title":"should update velocity based on acceleration","duration":0.7561670000000049,"failureMessages":[],"meta":{}},{"ancestorTitles":["Physics Utilities","updateVelocity"],"fullName":"Physics Utilities updateVelocity should apply friction","status":"passed","title":"should apply friction","duration":0.08195899999998346,"failureMessages":[],"meta":{}},{"ancestorTitles":["Physics Utilities","calculateAcceleration"],"fullName":"Physics Utilities calculateAcceleration should calculate acceleration from force and mass","status":"passed","title":"should calculate acceleration from force and mass","duration":0.07837500000005093,"failureMessages":[],"meta":{}},{"ancestorTitles":["Physics Utilities","calculateAcceleration"],"fullName":"Physics Utilities calculateAcceleration should return 0 if mass is 0","status":"passed","title":"should return 0 if mass is 0","duration":0.05095800000003692,"failureMessages":[],"meta":{}},{"ancestorTitles":["Physics Utilities","detectBoundaryCollision"],"fullName":"Physics Utilities detectBoundaryCollision should return null if inside bounds","status":"passed","title":"should return null if inside bounds","duration":0.06970899999998892,"failureMessages":[],"meta":{}},{"ancestorTitles":["Physics Utilities","detectBoundaryCollision"],"fullName":"Physics Utilities detectBoundaryCollision should return \"min\" if colliding with min bound","status":"passed","title":"should return \"min\" if colliding with min bound","duration":0.04349999999999454,"failureMessages":[],"meta":{}},{"ancestorTitles":["Physics Utilities","detectBoundaryCollision"],"fullName":"Physics Utilities detectBoundaryCollision should return \"max\" if colliding with max bound","status":"passed","title":"should return \"max\" if colliding with max bound","duration":0.0425839999999198,"failureMessages":[],"meta":{}}],"startTime":1763716545797,"endTime":1763716545798.0784,"status":"passed","message":"","name":"/Users/renaat/Development-Eigen/FishBowl/tests/unit/physics.test.ts"},{"assertionResults":[{"ancestorTitles":["Random Utilities"],"fullName":"Random Utilities randomColor should return a valid hex string from the palette","status":"passed","title":"randomColor should return a valid hex string from the palette","duration":8.843124999999986,"failureMessages":[],"meta":{}},{"ancestorTitles":["Random Utilities"],"fullName":"Random Utilities randomSize should return a scale between min and max","status":"passed","title":"randomSize should return a scale between min and max","duration":0.16899999999998272,"failureMessages":[],"meta":{}},{"ancestorTitles":["Random Utilities"],"fullName":"Random Utilities randomVelocity should return a velocity within range","status":"passed","title":"randomVelocity should return a velocity within range","duration":0.07995800000003328,"failureMessages":[],"meta":{}},{"ancestorTitles":["Random Utilities"],"fullName":"Random Utilities randomPosition should return a position within bounds","status":"passed","title":"randomPosition should return a position within bounds","duration":0.07233400000006895,"failureMessages":[],"meta":{}}],"startTime":1763716544559,"endTime":1763716544568.169,"status":"passed","message":"","name":"/Users/renaat/Development-Eigen/FishBowl/tests/unit/random.test.ts"},{"assertionResults":[{"ancestorTitles":["Tank slice actions"],"fullName":"Tank slice actions feedTank deducts cost and increases pollution","status":"passed","title":"feedTank deducts cost and increases pollution","duration":2.6960840000000417,"failureMessages":[],"meta":{}},{"ancestorTitles":["Tank slice actions"],"fullName":"Tank slice actions cleanTank reduces pollution and deducts credits when affordable","status":"passed","title":"cleanTank reduces pollution and deducts credits when affordable","duration":0.5729580000000851,"failureMessages":[],"meta":{}},{"ancestorTitles":["Tank slice actions"],"fullName":"Tank slice actions buyFilter requires STANDARD tank and sufficient credits","status":"passed","title":"buyFilter requires STANDARD tank and sufficient credits","duration":0.3823340000000144,"failureMessages":[],"meta":{}},{"ancestorTitles":["Tank slice actions"],"fullName":"Tank slice actions upgradeTank turns BOWL into STANDARD when affordable","status":"passed","title":"upgradeTank turns BOWL into STANDARD when affordable","duration":0.37383299999999053,"failureMessages":[],"meta":{}}],"startTime":1763716545397,"endTime":1763716545401.3823,"status":"passed","message":"","name":"/Users/renaat/Development-Eigen/FishBowl/tests/unit/tankSlice.actions.test.ts"},{"assertionResults":[{"ancestorTitles":["useGameStore selectors and basic behaviors"],"fullName":"useGameStore selectors and basic behaviors provides default credits and selectors work","status":"passed","title":"provides default credits and selectors work","duration":1.1045829999999341,"failureMessages":[],"meta":{}}],"startTime":1763716546188,"endTime":1763716546189.1045,"status":"passed","message":"","name":"/Users/renaat/Development-Eigen/FishBowl/tests/unit/useGameStore.test.ts"}],"coverageMap":{"/Users/renaat/Development-Eigen/FishBowl/src/game/PerformanceMonitor.ts":{"path":"/Users/renaat/Development-Eigen/FishBowl/src/game/PerformanceMonitor.ts","statementMap":{},"fnMap":{},"branchMap":{},"s":{},"f":{},"b":{},"meta":{"lastBranch":0,"lastFunction":0,"lastStatement":0,"seen":{}}},"/Users/renaat/Development-Eigen/FishBowl/src/assets/fish.svg":{"path":"/Users/renaat/Development-Eigen/FishBowl/src/assets/fish.svg","statementMap":{},"fnMap":{},"branchMap":{},"s":{},"f":{},"b":{},"meta":{"lastBranch":0,"lastFunction":0,"lastStatement":0,"seen":{}}},"/Users/renaat/Development-Eigen/FishBowl/src/game/managers/FishRenderManager.ts":{"path":"/Users/renaat/Development-Eigen/FishBowl/src/game/managers/FishRenderManager.ts","statementMap":{"0":{"start":{"line":8,"column":4},"end":{"line":8,"column":null}},"1":{"start":{"line":12,"column":4},"end":{"line":12,"column":null}},"2":{"start":{"line":16,"column":4},"end":{"line":16,"column":null}}},"fnMap":{"0":{"name":"(anonymous_0)","decl":{"start":{"line":7,"column":2},"end":{"line":7,"column":14}},"loc":{"start":{"line":7,"column":39},"end":{"line":9,"column":null}},"line":7},"1":{"name":"(anonymous_1)","decl":{"start":{"line":11,"column":2},"end":{"line":11,"column":10}},"loc":{"start":{"line":11,"column":28},"end":{"line":13,"column":null}},"line":11},"2":{"name":"(anonymous_2)","decl":{"start":{"line":15,"column":2},"end":{"line":15,"column":13}},"loc":{"start":{"line":15,"column":35},"end":{"line":17,"column":null}},"line":15}},"branchMap":{},"s":{"0":9,"1":101,"2":0},"f":{"0":9,"1":101,"2":0},"b":{},"meta":{"lastBranch":0,"lastFunction":3,"lastStatement":3,"seen":{"f:7:2:7:14":0,"s:8:4:8:Infinity":0,"f:11:2:11:10":1,"s:12:4:12:Infinity":1,"f:15:2:15:13":2,"s:16:4:16:Infinity":2}}},"/Users/renaat/Development-Eigen/FishBowl/src/game/controllers/FishController.ts":{"path":"/Users/renaat/Development-Eigen/FishBowl/src/game/controllers/FishController.ts","statementMap":{"0":{"start":{"line":15,"column":4},"end":{"line":15,"column":null}},"1":{"start":{"line":16,"column":4},"end":{"line":16,"column":null}},"2":{"start":{"line":17,"column":4},"end":{"line":17,"column":null}},"3":{"start":{"line":18,"column":4},"end":{"line":18,"column":null}},"4":{"start":{"line":22,"column":4},"end":{"line":22,"column":null}},"5":{"start":{"line":27,"column":27},"end":{"line":27,"column":null}},"6":{"start":{"line":27,"column":61},"end":{"line":27,"column":65}},"7":{"start":{"line":28,"column":22},"end":{"line":28,"column":null}},"8":{"start":{"line":28,"column":46},"end":{"line":28,"column":71}},"9":{"start":{"line":31,"column":25},"end":{"line":31,"column":null}},"10":{"start":{"line":31,"column":54},"end":{"line":31,"column":58}},"11":{"start":{"line":32,"column":25},"end":{"line":32,"column":null}},"12":{"start":{"line":32,"column":54},"end":{"line":32,"column":77}},"13":{"start":{"line":35,"column":4},"end":{"line":51,"column":null}},"14":{"start":{"line":38,"column":16},"end":{"line":38,"column":null}},"15":{"start":{"line":39,"column":16},"end":{"line":39,"column":null}},"16":{"start":{"line":41,"column":24},"end":{"line":41,"column":null}},"17":{"start":{"line":43,"column":6},"end":{"line":43,"column":null}},"18":{"start":{"line":44,"column":6},"end":{"line":44,"column":null}},"19":{"start":{"line":45,"column":6},"end":{"line":45,"column":null}},"20":{"start":{"line":46,"column":6},"end":{"line":46,"column":null}},"21":{"start":{"line":47,"column":6},"end":{"line":47,"column":null}},"22":{"start":{"line":49,"column":6},"end":{"line":49,"column":null}},"23":{"start":{"line":50,"column":6},"end":{"line":50,"column":null}},"24":{"start":{"line":53,"column":4},"end":{"line":56,"column":null}},"25":{"start":{"line":54,"column":6},"end":{"line":54,"column":null}},"26":{"start":{"line":55,"column":6},"end":{"line":55,"column":null}}},"fnMap":{"0":{"name":"(anonymous_0)","decl":{"start":{"line":14,"column":2},"end":{"line":14,"column":14}},"loc":{"start":{"line":14,"column":51},"end":{"line":19,"column":null}},"line":14},"1":{"name":"(anonymous_1)","decl":{"start":{"line":21,"column":2},"end":{"line":21,"column":8}},"loc":{"start":{"line":21,"column":30},"end":{"line":23,"column":null}},"line":21},"2":{"name":"(anonymous_2)","decl":{"start":{"line":25,"column":2},"end":{"line":25,"column":11}},"loc":{"start":{"line":25,"column":37},"end":{"line":57,"column":null}},"line":25},"3":{"name":"(anonymous_3)","decl":{"start":{"line":27,"column":54},"end":{"line":27,"column":55}},"loc":{"start":{"line":27,"column":61},"end":{"line":27,"column":65}},"line":27},"4":{"name":"(anonymous_4)","decl":{"start":{"line":28,"column":39},"end":{"line":28,"column":40}},"loc":{"start":{"line":28,"column":46},"end":{"line":28,"column":71}},"line":28},"5":{"name":"(anonymous_5)","decl":{"start":{"line":31,"column":47},"end":{"line":31,"column":48}},"loc":{"start":{"line":31,"column":54},"end":{"line":31,"column":58}},"line":31},"6":{"name":"(anonymous_6)","decl":{"start":{"line":32,"column":47},"end":{"line":32,"column":48}},"loc":{"start":{"line":32,"column":54},"end":{"line":32,"column":77}},"line":32},"7":{"name":"(anonymous_7)","decl":{"start":{"line":35,"column":22},"end":{"line":35,"column":23}},"loc":{"start":{"line":35,"column":29},"end":{"line":51,"column":5}},"line":35},"8":{"name":"(anonymous_8)","decl":{"start":{"line":53,"column":25},"end":{"line":53,"column":26}},"loc":{"start":{"line":53,"column":32},"end":{"line":56,"column":5}},"line":53}},"branchMap":{},"s":{"0":11,"1":11,"2":11,"3":11,"4":6,"5":2,"6":1,"7":2,"8":1,"9":2,"10":1,"11":2,"12":1,"13":2,"14":1,"15":1,"16":1,"17":1,"18":1,"19":1,"20":1,"21":1,"22":1,"23":1,"24":2,"25":1,"26":1},"f":{"0":11,"1":6,"2":2,"3":1,"4":1,"5":1,"6":1,"7":1,"8":1},"b":{},"meta":{"lastBranch":0,"lastFunction":9,"lastStatement":27,"seen":{"f:14:2:14:14":0,"s:15:4:15:Infinity":0,"s:16:4:16:Infinity":1,"s:17:4:17:Infinity":2,"s:18:4:18:Infinity":3,"f:21:2:21:8":1,"s:22:4:22:Infinity":4,"f:25:2:25:11":2,"s:27:27:27:Infinity":5,"f:27:54:27:55":3,"s:27:61:27:65":6,"s:28:22:28:Infinity":7,"f:28:39:28:40":4,"s:28:46:28:71":8,"s:31:25:31:Infinity":9,"f:31:47:31:48":5,"s:31:54:31:58":10,"s:32:25:32:Infinity":11,"f:32:47:32:48":6,"s:32:54:32:77":12,"s:35:4:51:Infinity":13,"f:35:22:35:23":7,"s:38:16:38:Infinity":14,"s:39:16:39:Infinity":15,"s:41:24:41:Infinity":16,"s:43:6:43:Infinity":17,"s:44:6:44:Infinity":18,"s:45:6:45:Infinity":19,"s:46:6:46:Infinity":20,"s:47:6:47:Infinity":21,"s:49:6:49:Infinity":22,"s:50:6:50:Infinity":23,"s:53:4:56:Infinity":24,"f:53:25:53:26":8,"s:54:6:54:Infinity":25,"s:55:6:55:Infinity":26}}},"/Users/renaat/Development-Eigen/FishBowl/src/components/AquariumCanvas.tsx":{"path":"/Users/renaat/Development-Eigen/FishBowl/src/components/AquariumCanvas.tsx","statementMap":{"0":{"start":{"line":10,"column":54},"end":{"line":162,"column":null}},"1":{"start":{"line":11,"column":8},"end":{"line":11,"column":null}},"2":{"start":{"line":12,"column":8},"end":{"line":12,"column":null}},"3":{"start":{"line":13,"column":8},"end":{"line":13,"column":null}},"4":{"start":{"line":13,"column":39},"end":{"line":13,"column":59}},"5":{"start":{"line":16,"column":2},"end":{"line":26,"column":null}},"6":{"start":{"line":17,"column":25},"end":{"line":22,"column":null}},"7":{"start":{"line":18,"column":6},"end":{"line":21,"column":null}},"8":{"start":{"line":24,"column":4},"end":{"line":24,"column":null}},"9":{"start":{"line":25,"column":4},"end":{"line":25,"column":null}},"10":{"start":{"line":25,"column":17},"end":{"line":25,"column":null}},"11":{"start":{"line":28,"column":2},"end":{"line":141,"column":null}},"12":{"start":{"line":29,"column":4},"end":{"line":29,"column":null}},"13":{"start":{"line":29,"column":31},"end":{"line":29,"column":null}},"14":{"start":{"line":31,"column":29},"end":{"line":118,"column":null}},"15":{"start":{"line":32,"column":6},"end":{"line":117,"column":null}},"16":{"start":{"line":34,"column":8},"end":{"line":37,"column":null}},"17":{"start":{"line":35,"column":10},"end":{"line":35,"column":null}},"18":{"start":{"line":36,"column":10},"end":{"line":36,"column":null}},"19":{"start":{"line":40,"column":22},"end":{"line":40,"column":null}},"20":{"start":{"line":41,"column":23},"end":{"line":41,"column":null}},"21":{"start":{"line":44,"column":23},"end":{"line":44,"column":null}},"22":{"start":{"line":45,"column":8},"end":{"line":45,"column":null}},"23":{"start":{"line":47,"column":8},"end":{"line":47,"column":null}},"24":{"start":{"line":50,"column":28},"end":{"line":50,"column":null}},"25":{"start":{"line":51,"column":8},"end":{"line":51,"column":null}},"26":{"start":{"line":60,"column":28},"end":{"line":66,"column":null}},"27":{"start":{"line":61,"column":10},"end":{"line":65,"column":null}},"28":{"start":{"line":62,"column":12},"end":{"line":62,"column":null}},"29":{"start":{"line":69,"column":10},"end":{"line":69,"column":null}},"30":{"start":{"line":73,"column":8},"end":{"line":114,"column":null}},"31":{"start":{"line":74,"column":27},"end":{"line":74,"column":null}},"32":{"start":{"line":75,"column":24},"end":{"line":75,"column":null}},"33":{"start":{"line":76,"column":10},"end":{"line":86,"column":null}},"34":{"start":{"line":79,"column":12},"end":{"line":83,"column":null}},"35":{"start":{"line":80,"column":29},"end":{"line":80,"column":null}},"36":{"start":{"line":81,"column":26},"end":{"line":81,"column":null}},"37":{"start":{"line":82,"column":14},"end":{"line":82,"column":null}},"38":{"start":{"line":85,"column":12},"end":{"line":85,"column":null}},"39":{"start":{"line":88,"column":10},"end":{"line":111,"column":null}},"40":{"start":{"line":90,"column":14},"end":{"line":110,"column":null}},"41":{"start":{"line":100,"column":44},"end":{"line":100,"column":null}},"42":{"start":{"line":102,"column":57},"end":{"line":102,"column":null}},"43":{"start":{"line":105,"column":39},"end":{"line":105,"column":null}},"44":{"start":{"line":106,"column":35},"end":{"line":106,"column":null}},"45":{"start":{"line":109,"column":31},"end":{"line":109,"column":null}},"46":{"start":{"line":116,"column":8},"end":{"line":116,"column":null}},"47":{"start":{"line":120,"column":4},"end":{"line":120,"column":null}},"48":{"start":{"line":122,"column":4},"end":{"line":140,"column":null}},"49":{"start":{"line":123,"column":6},"end":{"line":139,"column":null}},"50":{"start":{"line":126,"column":8},"end":{"line":136,"column":null}},"51":{"start":{"line":127,"column":10},"end":{"line":135,"column":null}},"52":{"start":{"line":128,"column":35},"end":{"line":129,"column":null}},"53":{"start":{"line":130,"column":12},"end":{"line":132,"column":null}},"54":{"start":{"line":131,"column":14},"end":{"line":131,"column":null}},"55":{"start":{"line":137,"column":8},"end":{"line":137,"column":null}},"56":{"start":{"line":138,"column":8},"end":{"line":138,"column":null}},"57":{"start":{"line":144,"column":2},"end":{"line":148,"column":null}},"58":{"start":{"line":145,"column":4},"end":{"line":147,"column":null}},"59":{"start":{"line":146,"column":6},"end":{"line":146,"column":null}},"60":{"start":{"line":150,"column":2},"end":{"line":160,"column":null}}},"fnMap":{"0":{"name":"(anonymous_0)","decl":{"start":{"line":10,"column":54},"end":{"line":10,"column":55}},"loc":{"start":{"line":10,"column":77},"end":{"line":162,"column":null}},"line":10},"1":{"name":"(anonymous_1)","decl":{"start":{"line":13,"column":28},"end":{"line":13,"column":29}},"loc":{"start":{"line":13,"column":39},"end":{"line":13,"column":59}},"line":13},"2":{"name":"(anonymous_2)","decl":{"start":{"line":16,"column":12},"end":{"line":16,"column":18}},"loc":{"start":{"line":16,"column":18},"end":{"line":26,"column":5}},"line":16},"3":{"name":"(anonymous_3)","decl":{"start":{"line":17,"column":25},"end":{"line":17,"column":31}},"loc":{"start":{"line":17,"column":31},"end":{"line":22,"column":null}},"line":17},"4":{"name":"(anonymous_4)","decl":{"start":{"line":25,"column":11},"end":{"line":25,"column":17}},"loc":{"start":{"line":25,"column":17},"end":{"line":25,"column":null}},"line":25},"5":{"name":"(anonymous_5)","decl":{"start":{"line":28,"column":12},"end":{"line":28,"column":18}},"loc":{"start":{"line":28,"column":18},"end":{"line":141,"column":5}},"line":28},"6":{"name":"(anonymous_6)","decl":{"start":{"line":31,"column":29},"end":{"line":31,"column":41}},"loc":{"start":{"line":31,"column":41},"end":{"line":118,"column":null}},"line":31},"7":{"name":"(anonymous_7)","decl":{"start":{"line":60,"column":51},"end":{"line":60,"column":52}},"loc":{"start":{"line":60,"column":62},"end":{"line":66,"column":9}},"line":60},"8":{"name":"(anonymous_8)","decl":{"start":{"line":100,"column":38},"end":{"line":100,"column":44}},"loc":{"start":{"line":100,"column":44},"end":{"line":100,"column":null}},"line":100},"9":{"name":"(anonymous_9)","decl":{"start":{"line":102,"column":33},"end":{"line":102,"column":34}},"loc":{"start":{"line":102,"column":57},"end":{"line":102,"column":null}},"line":102},"10":{"name":"(anonymous_10)","decl":{"start":{"line":105,"column":33},"end":{"line":105,"column":39}},"loc":{"start":{"line":105,"column":39},"end":{"line":105,"column":null}},"line":105},"11":{"name":"(anonymous_11)","decl":{"start":{"line":106,"column":29},"end":{"line":106,"column":35}},"loc":{"start":{"line":106,"column":35},"end":{"line":106,"column":null}},"line":106},"12":{"name":"(anonymous_12)","decl":{"start":{"line":109,"column":25},"end":{"line":109,"column":31}},"loc":{"start":{"line":109,"column":31},"end":{"line":109,"column":null}},"line":109},"13":{"name":"(anonymous_13)","decl":{"start":{"line":122,"column":11},"end":{"line":122,"column":17}},"loc":{"start":{"line":122,"column":17},"end":{"line":140,"column":null}},"line":122},"14":{"name":"(anonymous_14)","decl":{"start":{"line":144,"column":12},"end":{"line":144,"column":18}},"loc":{"start":{"line":144,"column":18},"end":{"line":148,"column":5}},"line":144}},"branchMap":{"0":{"loc":{"start":{"line":18,"column":6},"end":{"line":21,"column":null}},"type":"if","locations":[{"start":{"line":18,"column":6},"end":{"line":21,"column":null}},{"start":{},"end":{}}],"line":18},"1":{"loc":{"start":{"line":18,"column":10},"end":{"line":18,"column":53}},"type":"binary-expr","locations":[{"start":{"line":18,"column":10},"end":{"line":18,"column":34}},{"start":{"line":18,"column":34},"end":{"line":18,"column":53}}],"line":18},"2":{"loc":{"start":{"line":29,"column":4},"end":{"line":29,"column":null}},"type":"if","locations":[{"start":{"line":29,"column":4},"end":{"line":29,"column":null}},{"start":{},"end":{}}],"line":29},"3":{"loc":{"start":{"line":34,"column":8},"end":{"line":37,"column":null}},"type":"if","locations":[{"start":{"line":34,"column":8},"end":{"line":37,"column":null}},{"start":{},"end":{}}],"line":34},"4":{"loc":{"start":{"line":50,"column":28},"end":{"line":50,"column":null}},"type":"binary-expr","locations":[{"start":{"line":50,"column":28},"end":{"line":50,"column":70}},{"start":{"line":50,"column":70},"end":{"line":50,"column":null}}],"line":50},"5":{"loc":{"start":{"line":62,"column":28},"end":{"line":62,"column":50}},"type":"binary-expr","locations":[{"start":{"line":62,"column":28},"end":{"line":62,"column":48}},{"start":{"line":62,"column":48},"end":{"line":62,"column":50}}],"line":62},"6":{"loc":{"start":{"line":79,"column":12},"end":{"line":83,"column":null}},"type":"if","locations":[{"start":{"line":79,"column":12},"end":{"line":83,"column":null}},{"start":{},"end":{}}],"line":79},"7":{"loc":{"start":{"line":79,"column":16},"end":{"line":79,"column":92}},"type":"binary-expr","locations":[{"start":{"line":79,"column":16},"end":{"line":79,"column":49}},{"start":{"line":79,"column":49},"end":{"line":79,"column":68}},{"start":{"line":79,"column":68},"end":{"line":79,"column":92}}],"line":79},"8":{"loc":{"start":{"line":81,"column":26},"end":{"line":81,"column":null}},"type":"binary-expr","locations":[{"start":{"line":81,"column":26},"end":{"line":81,"column":55}},{"start":{"line":81,"column":55},"end":{"line":81,"column":null}}],"line":81},"9":{"loc":{"start":{"line":82,"column":24},"end":{"line":82,"column":null}},"type":"binary-expr","locations":[{"start":{"line":82,"column":24},"end":{"line":82,"column":42}},{"start":{"line":82,"column":42},"end":{"line":82,"column":null}}],"line":82},"10":{"loc":{"start":{"line":88,"column":10},"end":{"line":111,"column":null}},"type":"if","locations":[{"start":{"line":88,"column":10},"end":{"line":111,"column":null}},{"start":{},"end":{}}],"line":88},"11":{"loc":{"start":{"line":88,"column":14},"end":{"line":88,"column":34}},"type":"binary-expr","locations":[{"start":{"line":88,"column":14},"end":{"line":88,"column":25}},{"start":{"line":88,"column":25},"end":{"line":88,"column":34}}],"line":88},"12":{"loc":{"start":{"line":102,"column":84},"end":{"line":102,"column":101}},"type":"binary-expr","locations":[{"start":{"line":102,"column":84},"end":{"line":102,"column":97}},{"start":{"line":102,"column":97},"end":{"line":102,"column":101}}],"line":102},"13":{"loc":{"start":{"line":105,"column":39},"end":{"line":105,"column":null}},"type":"binary-expr","locations":[{"start":{"line":105,"column":39},"end":{"line":105,"column":85}},{"start":{"line":105,"column":85},"end":{"line":105,"column":null}}],"line":105},"14":{"loc":{"start":{"line":109,"column":47},"end":{"line":109,"column":87}},"type":"binary-expr","locations":[{"start":{"line":109,"column":47},"end":{"line":109,"column":85}},{"start":{"line":109,"column":85},"end":{"line":109,"column":87}}],"line":109},"15":{"loc":{"start":{"line":123,"column":6},"end":{"line":139,"column":null}},"type":"if","locations":[{"start":{"line":123,"column":6},"end":{"line":139,"column":null}},{"start":{},"end":{}}],"line":123},"16":{"loc":{"start":{"line":126,"column":8},"end":{"line":136,"column":null}},"type":"if","locations":[{"start":{"line":126,"column":8},"end":{"line":136,"column":null}},{"start":{},"end":{}}],"line":126},"17":{"loc":{"start":{"line":130,"column":12},"end":{"line":132,"column":null}},"type":"if","locations":[{"start":{"line":130,"column":12},"end":{"line":132,"column":null}},{"start":{},"end":{}}],"line":130},"18":{"loc":{"start":{"line":145,"column":4},"end":{"line":147,"column":null}},"type":"if","locations":[{"start":{"line":145,"column":4},"end":{"line":147,"column":null}},{"start":{},"end":{}}],"line":145},"19":{"loc":{"start":{"line":145,"column":8},"end":{"line":145,"column":35}},"type":"binary-expr","locations":[{"start":{"line":145,"column":8},"end":{"line":145,"column":29}},{"start":{"line":145,"column":29},"end":{"line":145,"column":35}}],"line":145},"20":{"loc":{"start":{"line":155,"column":15},"end":{"line":155,"column":null}},"type":"cond-expr","locations":[{"start":{"line":155,"column":23},"end":{"line":155,"column":38}},{"start":{"line":155,"column":38},"end":{"line":155,"column":null}}],"line":155},"21":{"loc":{"start":{"line":156,"column":16},"end":{"line":156,"column":null}},"type":"cond-expr","locations":[{"start":{"line":156,"column":25},"end":{"line":156,"column":41}},{"start":{"line":156,"column":41},"end":{"line":156,"column":null}}],"line":156}},"s":{"0":1,"1":11,"2":11,"3":11,"4":11,"5":11,"6":11,"7":2,"8":11,"9":11,"10":11,"11":11,"12":11,"13":0,"14":11,"15":11,"16":11,"17":0,"18":0,"19":11,"20":11,"21":11,"22":11,"23":11,"24":11,"25":11,"26":11,"27":11,"28":11,"29":11,"30":11,"31":11,"32":11,"33":11,"34":11,"35":1,"36":1,"37":1,"38":0,"39":11,"40":1,"41":0,"42":0,"43":0,"44":0,"45":0,"46":0,"47":11,"48":11,"49":11,"50":11,"51":9,"52":9,"53":9,"54":9,"55":11,"56":11,"57":11,"58":11,"59":11,"60":11},"f":{"0":11,"1":11,"2":11,"3":2,"4":11,"5":11,"6":11,"7":11,"8":0,"9":0,"10":0,"11":0,"12":0,"13":11,"14":11},"b":{"0":[2,0],"1":[2,2],"2":[0,11],"3":[0,11],"4":[11,0],"5":[11,0],"6":[1,10],"7":[11,11,11],"8":[1,0],"9":[1,0],"10":[1,10],"11":[11,11],"12":[0,0],"13":[0,0],"14":[0,0],"15":[11,0],"16":[9,2],"17":[9,0],"18":[11,0],"19":[11,11],"20":[3,8],"21":[3,8]},"meta":{"lastBranch":22,"lastFunction":15,"lastStatement":61,"seen":{"s:10:54:162:Infinity":0,"f:10:54:10:55":0,"s:11:8:11:Infinity":1,"s:12:8:12:Infinity":2,"s:13:8:13:Infinity":3,"f:13:28:13:29":1,"s:13:39:13:59":4,"s:16:2:26:Infinity":5,"f:16:12:16:18":2,"s:17:25:22:Infinity":6,"f:17:25:17:31":3,"b:18:6:21:Infinity:undefined:undefined:undefined:undefined":0,"s:18:6:21:Infinity":7,"b:18:10:18:34:18:34:18:53":1,"s:24:4:24:Infinity":8,"s:25:4:25:Infinity":9,"f:25:11:25:17":4,"s:25:17:25:Infinity":10,"s:28:2:141:Infinity":11,"f:28:12:28:18":5,"b:29:4:29:Infinity:undefined:undefined:undefined:undefined":2,"s:29:4:29:Infinity":12,"s:29:31:29:Infinity":13,"s:31:29:118:Infinity":14,"f:31:29:31:41":6,"s:32:6:117:Infinity":15,"b:34:8:37:Infinity:undefined:undefined:undefined:undefined":3,"s:34:8:37:Infinity":16,"s:35:10:35:Infinity":17,"s:36:10:36:Infinity":18,"s:40:22:40:Infinity":19,"s:41:23:41:Infinity":20,"s:44:23:44:Infinity":21,"s:45:8:45:Infinity":22,"s:47:8:47:Infinity":23,"s:50:28:50:Infinity":24,"b:50:28:50:70:50:70:50:Infinity":4,"s:51:8:51:Infinity":25,"s:60:28:66:Infinity":26,"f:60:51:60:52":7,"s:61:10:65:Infinity":27,"s:62:12:62:Infinity":28,"b:62:28:62:48:62:48:62:50":5,"s:69:10:69:Infinity":29,"s:73:8:114:Infinity":30,"s:74:27:74:Infinity":31,"s:75:24:75:Infinity":32,"s:76:10:86:Infinity":33,"b:79:12:83:Infinity:undefined:undefined:undefined:undefined":6,"s:79:12:83:Infinity":34,"b:79:16:79:49:79:49:79:68:79:68:79:92":7,"s:80:29:80:Infinity":35,"s:81:26:81:Infinity":36,"b:81:26:81:55:81:55:81:Infinity":8,"s:82:14:82:Infinity":37,"b:82:24:82:42:82:42:82:Infinity":9,"s:85:12:85:Infinity":38,"b:88:10:111:Infinity:undefined:undefined:undefined:undefined":10,"s:88:10:111:Infinity":39,"b:88:14:88:25:88:25:88:34":11,"s:90:14:110:Infinity":40,"f:100:38:100:44":8,"s:100:44:100:Infinity":41,"f:102:33:102:34":9,"s:102:57:102:Infinity":42,"b:102:84:102:97:102:97:102:101":12,"f:105:33:105:39":10,"s:105:39:105:Infinity":43,"b:105:39:105:85:105:85:105:Infinity":13,"f:106:29:106:35":11,"s:106:35:106:Infinity":44,"f:109:25:109:31":12,"s:109:31:109:Infinity":45,"b:109:47:109:85:109:85:109:87":14,"s:116:8:116:Infinity":46,"s:120:4:120:Infinity":47,"s:122:4:140:Infinity":48,"f:122:11:122:17":13,"b:123:6:139:Infinity:undefined:undefined:undefined:undefined":15,"s:123:6:139:Infinity":49,"b:126:8:136:Infinity:undefined:undefined:undefined:undefined":16,"s:126:8:136:Infinity":50,"s:127:10:135:Infinity":51,"s:128:35:129:Infinity":52,"b:130:12:132:Infinity:undefined:undefined:undefined:undefined":17,"s:130:12:132:Infinity":53,"s:131:14:131:Infinity":54,"s:137:8:137:Infinity":55,"s:138:8:138:Infinity":56,"s:144:2:148:Infinity":57,"f:144:12:144:18":14,"b:145:4:147:Infinity:undefined:undefined:undefined:undefined":18,"s:145:4:147:Infinity":58,"b:145:8:145:29:145:29:145:35":19,"s:146:6:146:Infinity":59,"s:150:2:160:Infinity":60,"b:155:23:155:38:155:38:155:Infinity":20,"b:156:25:156:41:156:41:156:Infinity":21}}},"/Users/renaat/Development-Eigen/FishBowl/src/game/views/FishSprite.ts":{"path":"/Users/renaat/Development-Eigen/FishBowl/src/game/views/FishSprite.ts","statementMap":{"0":{"start":{"line":8,"column":59},"end":{"line":8,"column":null}},"1":{"start":{"line":11,"column":4},"end":{"line":11,"column":null}},"2":{"start":{"line":12,"column":4},"end":{"line":12,"column":null}},"3":{"start":{"line":14,"column":4},"end":{"line":14,"column":null}},"4":{"start":{"line":15,"column":4},"end":{"line":15,"column":null}},"5":{"start":{"line":16,"column":4},"end":{"line":16,"column":null}},"6":{"start":{"line":17,"column":4},"end":{"line":17,"column":null}},"7":{"start":{"line":20,"column":4},"end":{"line":20,"column":null}},"8":{"start":{"line":21,"column":4},"end":{"line":21,"column":null}},"9":{"start":{"line":23,"column":4},"end":{"line":23,"column":null}},"10":{"start":{"line":24,"column":6},"end":{"line":24,"column":null}},"11":{"start":{"line":27,"column":19},"end":{"line":35,"column":null}},"12":{"start":{"line":28,"column":6},"end":{"line":28,"column":null}},"13":{"start":{"line":28,"column":40},"end":{"line":28,"column":null}},"14":{"start":{"line":29,"column":6},"end":{"line":29,"column":null}},"15":{"start":{"line":29,"column":54},"end":{"line":29,"column":null}},"16":{"start":{"line":30,"column":6},"end":{"line":30,"column":null}},"17":{"start":{"line":30,"column":49},"end":{"line":30,"column":null}},"18":{"start":{"line":32,"column":6},"end":{"line":32,"column":null}},"19":{"start":{"line":33,"column":6},"end":{"line":33,"column":null}},"20":{"start":{"line":34,"column":6},"end":{"line":34,"column":null}},"21":{"start":{"line":38,"column":4},"end":{"line":38,"column":null}},"22":{"start":{"line":42,"column":4},"end":{"line":62,"column":null}},"23":{"start":{"line":43,"column":20},"end":{"line":43,"column":null}},"24":{"start":{"line":46,"column":6},"end":{"line":46,"column":null}},"25":{"start":{"line":47,"column":6},"end":{"line":57,"column":null}},"26":{"start":{"line":49,"column":21},"end":{"line":49,"column":null}},"27":{"start":{"line":49,"column":45},"end":{"line":49,"column":86}},"28":{"start":{"line":49,"column":64},"end":{"line":49,"column":85}},"29":{"start":{"line":50,"column":8},"end":{"line":52,"column":null}},"30":{"start":{"line":51,"column":10},"end":{"line":51,"column":null}},"31":{"start":{"line":54,"column":8},"end":{"line":54,"column":null}},"32":{"start":{"line":56,"column":8},"end":{"line":56,"column":null}},"33":{"start":{"line":61,"column":6},"end":{"line":61,"column":null}},"34":{"start":{"line":66,"column":4},"end":{"line":79,"column":null}},"35":{"start":{"line":68,"column":6},"end":{"line":70,"column":null}},"36":{"start":{"line":69,"column":8},"end":{"line":69,"column":null}},"37":{"start":{"line":71,"column":22},"end":{"line":71,"column":null}},"38":{"start":{"line":72,"column":6},"end":{"line":72,"column":null}},"39":{"start":{"line":74,"column":6},"end":{"line":74,"column":null}},"40":{"start":{"line":75,"column":6},"end":{"line":75,"column":null}},"41":{"start":{"line":76,"column":6},"end":{"line":76,"column":null}},"42":{"start":{"line":78,"column":6},"end":{"line":78,"column":null}},"43":{"start":{"line":83,"column":4},"end":{"line":83,"column":null}},"44":{"start":{"line":84,"column":4},"end":{"line":84,"column":null}},"45":{"start":{"line":87,"column":4},"end":{"line":89,"column":null}},"46":{"start":{"line":88,"column":6},"end":{"line":88,"column":null}}},"fnMap":{"0":{"name":"(anonymous_0)","decl":{"start":{"line":10,"column":2},"end":{"line":10,"column":14}},"loc":{"start":{"line":10,"column":27},"end":{"line":39,"column":null}},"line":10},"1":{"name":"(anonymous_1)","decl":{"start":{"line":27,"column":19},"end":{"line":27,"column":20}},"loc":{"start":{"line":27,"column":75},"end":{"line":35,"column":null}},"line":27},"2":{"name":"(anonymous_2)","decl":{"start":{"line":41,"column":10},"end":{"line":41,"column":36}},"loc":{"start":{"line":41,"column":36},"end":{"line":63,"column":null}},"line":41},"3":{"name":"(anonymous_3)","decl":{"start":{"line":49,"column":38},"end":{"line":49,"column":39}},"loc":{"start":{"line":49,"column":45},"end":{"line":49,"column":86}},"line":49},"4":{"name":"(anonymous_4)","decl":{"start":{"line":49,"column":57},"end":{"line":49,"column":58}},"loc":{"start":{"line":49,"column":64},"end":{"line":49,"column":85}},"line":49},"5":{"name":"(anonymous_5)","decl":{"start":{"line":65,"column":16},"end":{"line":65,"column":45}},"loc":{"start":{"line":65,"column":45},"end":{"line":80,"column":null}},"line":65},"6":{"name":"(anonymous_6)","decl":{"start":{"line":82,"column":2},"end":{"line":82,"column":17}},"loc":{"start":{"line":82,"column":17},"end":{"line":90,"column":null}},"line":82}},"branchMap":{"0":{"loc":{"start":{"line":28,"column":6},"end":{"line":28,"column":null}},"type":"if","locations":[{"start":{"line":28,"column":6},"end":{"line":28,"column":null}},{"start":{},"end":{}}],"line":28},"1":{"loc":{"start":{"line":29,"column":6},"end":{"line":29,"column":null}},"type":"if","locations":[{"start":{"line":29,"column":6},"end":{"line":29,"column":null}},{"start":{},"end":{}}],"line":29},"2":{"loc":{"start":{"line":30,"column":6},"end":{"line":30,"column":null}},"type":"if","locations":[{"start":{"line":30,"column":6},"end":{"line":30,"column":null}},{"start":{},"end":{}}],"line":30},"3":{"loc":{"start":{"line":32,"column":21},"end":{"line":32,"column":null}},"type":"binary-expr","locations":[{"start":{"line":32,"column":21},"end":{"line":32,"column":37}},{"start":{"line":32,"column":37},"end":{"line":32,"column":null}}],"line":32},"4":{"loc":{"start":{"line":33,"column":25},"end":{"line":33,"column":null}},"type":"binary-expr","locations":[{"start":{"line":33,"column":25},"end":{"line":33,"column":45}},{"start":{"line":33,"column":45},"end":{"line":33,"column":null}}],"line":33},"5":{"loc":{"start":{"line":47,"column":6},"end":{"line":57,"column":null}},"type":"if","locations":[{"start":{"line":47,"column":6},"end":{"line":57,"column":null}},{"start":{"line":55,"column":13},"end":{"line":57,"column":null}}],"line":47},"6":{"loc":{"start":{"line":50,"column":8},"end":{"line":52,"column":null}},"type":"if","locations":[{"start":{"line":50,"column":8},"end":{"line":52,"column":null}},{"start":{},"end":{}}],"line":50},"7":{"loc":{"start":{"line":68,"column":6},"end":{"line":70,"column":null}},"type":"if","locations":[{"start":{"line":68,"column":6},"end":{"line":70,"column":null}},{"start":{},"end":{}}],"line":68},"8":{"loc":{"start":{"line":87,"column":4},"end":{"line":89,"column":null}},"type":"if","locations":[{"start":{"line":87,"column":4},"end":{"line":89,"column":null}},{"start":{},"end":{}}],"line":87},"9":{"loc":{"start":{"line":87,"column":8},"end":{"line":87,"column":50}},"type":"binary-expr","locations":[{"start":{"line":87,"column":8},"end":{"line":87,"column":30}},{"start":{"line":87,"column":30},"end":{"line":87,"column":50}}],"line":87}},"s":{"0":6,"1":104,"2":104,"3":104,"4":104,"5":104,"6":104,"7":104,"8":104,"9":104,"10":104,"11":104,"12":104,"13":0,"14":104,"15":0,"16":104,"17":0,"18":104,"19":104,"20":104,"21":104,"22":0,"23":0,"24":0,"25":0,"26":0,"27":0,"28":0,"29":0,"30":0,"31":0,"32":0,"33":0,"34":104,"35":104,"36":3,"37":104,"38":3,"39":3,"40":3,"41":3,"42":0,"43":4317,"44":4317,"45":4317,"46":4315},"f":{"0":104,"1":104,"2":0,"3":0,"4":0,"5":104,"6":4317},"b":{"0":[0,104],"1":[0,104],"2":[0,104],"3":[104,104],"4":[104,104],"5":[0,0],"6":[0,0],"7":[3,101],"8":[4315,2],"9":[4317,2]},"meta":{"lastBranch":10,"lastFunction":7,"lastStatement":47,"seen":{"s:8:59:8:Infinity":0,"f:10:2:10:14":0,"s:11:4:11:Infinity":1,"s:12:4:12:Infinity":2,"s:14:4:14:Infinity":3,"s:15:4:15:Infinity":4,"s:16:4:16:Infinity":5,"s:17:4:17:Infinity":6,"s:20:4:20:Infinity":7,"s:21:4:21:Infinity":8,"s:23:4:23:Infinity":9,"s:24:6:24:Infinity":10,"s:27:19:35:Infinity":11,"f:27:19:27:20":1,"b:28:6:28:Infinity:undefined:undefined:undefined:undefined":0,"s:28:6:28:Infinity":12,"s:28:40:28:Infinity":13,"b:29:6:29:Infinity:undefined:undefined:undefined:undefined":1,"s:29:6:29:Infinity":14,"s:29:54:29:Infinity":15,"b:30:6:30:Infinity:undefined:undefined:undefined:undefined":2,"s:30:6:30:Infinity":16,"s:30:49:30:Infinity":17,"s:32:6:32:Infinity":18,"b:32:21:32:37:32:37:32:Infinity":3,"s:33:6:33:Infinity":19,"b:33:25:33:45:33:45:33:Infinity":4,"s:34:6:34:Infinity":20,"s:38:4:38:Infinity":21,"f:41:10:41:36":2,"s:42:4:62:Infinity":22,"s:43:20:43:Infinity":23,"s:46:6:46:Infinity":24,"b:47:6:57:Infinity:55:13:57:Infinity":5,"s:47:6:57:Infinity":25,"s:49:21:49:Infinity":26,"f:49:38:49:39":3,"s:49:45:49:86":27,"f:49:57:49:58":4,"s:49:64:49:85":28,"b:50:8:52:Infinity:undefined:undefined:undefined:undefined":6,"s:50:8:52:Infinity":29,"s:51:10:51:Infinity":30,"s:54:8:54:Infinity":31,"s:56:8:56:Infinity":32,"s:61:6:61:Infinity":33,"f:65:16:65:45":5,"s:66:4:79:Infinity":34,"b:68:6:70:Infinity:undefined:undefined:undefined:undefined":7,"s:68:6:70:Infinity":35,"s:69:8:69:Infinity":36,"s:71:22:71:Infinity":37,"s:72:6:72:Infinity":38,"s:74:6:74:Infinity":39,"s:75:6:75:Infinity":40,"s:76:6:76:Infinity":41,"s:78:6:78:Infinity":42,"f:82:2:82:17":6,"s:83:4:83:Infinity":43,"s:84:4:84:Infinity":44,"b:87:4:89:Infinity:undefined:undefined:undefined:undefined":8,"s:87:4:89:Infinity":45,"b:87:8:87:30:87:30:87:50":9,"s:88:6:88:Infinity":46}}},"/Users/renaat/Development-Eigen/FishBowl/src/game/views/TankContainer.ts":{"path":"/Users/renaat/Development-Eigen/FishBowl/src/game/views/TankContainer.ts","statementMap":{"0":{"start":{"line":11,"column":49},"end":{"line":11,"column":null}},"1":{"start":{"line":14,"column":4},"end":{"line":14,"column":null}},"2":{"start":{"line":15,"column":4},"end":{"line":15,"column":null}},"3":{"start":{"line":16,"column":4},"end":{"line":16,"column":null}},"4":{"start":{"line":17,"column":4},"end":{"line":17,"column":null}},"5":{"start":{"line":18,"column":4},"end":{"line":18,"column":null}},"6":{"start":{"line":20,"column":4},"end":{"line":20,"column":null}},"7":{"start":{"line":23,"column":19},"end":{"line":30,"column":null}},"8":{"start":{"line":24,"column":6},"end":{"line":24,"column":null}},"9":{"start":{"line":24,"column":40},"end":{"line":24,"column":null}},"10":{"start":{"line":25,"column":6},"end":{"line":25,"column":null}},"11":{"start":{"line":25,"column":54},"end":{"line":25,"column":null}},"12":{"start":{"line":26,"column":6},"end":{"line":26,"column":null}},"13":{"start":{"line":26,"column":49},"end":{"line":26,"column":null}},"14":{"start":{"line":27,"column":6},"end":{"line":27,"column":null}},"15":{"start":{"line":28,"column":6},"end":{"line":28,"column":null}},"16":{"start":{"line":29,"column":6},"end":{"line":29,"column":null}},"17":{"start":{"line":33,"column":4},"end":{"line":39,"column":null}},"18":{"start":{"line":35,"column":21},"end":{"line":35,"column":null}},"19":{"start":{"line":36,"column":6},"end":{"line":38,"column":null}},"20":{"start":{"line":37,"column":8},"end":{"line":37,"column":null}},"21":{"start":{"line":43,"column":19},"end":{"line":43,"column":null}},"22":{"start":{"line":44,"column":4},"end":{"line":44,"column":null}},"23":{"start":{"line":45,"column":4},"end":{"line":45,"column":null}},"24":{"start":{"line":46,"column":4},"end":{"line":87,"column":null}},"25":{"start":{"line":50,"column":8},"end":{"line":64,"column":null}},"26":{"start":{"line":66,"column":8},"end":{"line":72,"column":null}},"27":{"start":{"line":75,"column":8},"end":{"line":81,"column":null}},"28":{"start":{"line":84,"column":6},"end":{"line":84,"column":null}},"29":{"start":{"line":92,"column":61},"end":{"line":92,"column":null}},"30":{"start":{"line":93,"column":4},"end":{"line":118,"column":null}},"31":{"start":{"line":94,"column":15},"end":{"line":94,"column":null}},"32":{"start":{"line":95,"column":15},"end":{"line":95,"column":null}},"33":{"start":{"line":96,"column":6},"end":{"line":116,"column":null}},"34":{"start":{"line":97,"column":8},"end":{"line":113,"column":null}},"35":{"start":{"line":98,"column":21},"end":{"line":98,"column":null}},"36":{"start":{"line":99,"column":10},"end":{"line":99,"column":null}},"37":{"start":{"line":100,"column":10},"end":{"line":100,"column":null}},"38":{"start":{"line":103,"column":74},"end":{"line":103,"column":null}},"39":{"start":{"line":104,"column":21},"end":{"line":104,"column":null}},"40":{"start":{"line":105,"column":21},"end":{"line":105,"column":null}},"41":{"start":{"line":106,"column":10},"end":{"line":110,"column":null}},"42":{"start":{"line":107,"column":12},"end":{"line":107,"column":null}},"43":{"start":{"line":108,"column":12},"end":{"line":108,"column":null}},"44":{"start":{"line":109,"column":12},"end":{"line":109,"column":null}},"45":{"start":{"line":111,"column":10},"end":{"line":111,"column":null}},"46":{"start":{"line":112,"column":10},"end":{"line":112,"column":null}},"47":{"start":{"line":117,"column":6},"end":{"line":117,"column":null}},"48":{"start":{"line":119,"column":4},"end":{"line":119,"column":null}},"49":{"start":{"line":123,"column":19},"end":{"line":123,"column":null}},"50":{"start":{"line":124,"column":4},"end":{"line":127,"column":null}},"51":{"start":{"line":125,"column":6},"end":{"line":125,"column":null}},"52":{"start":{"line":125,"column":25},"end":{"line":125,"column":null}},"53":{"start":{"line":126,"column":6},"end":{"line":126,"column":null}},"54":{"start":{"line":131,"column":4},"end":{"line":133,"column":null}},"55":{"start":{"line":132,"column":6},"end":{"line":132,"column":null}},"56":{"start":{"line":137,"column":4},"end":{"line":137,"column":null}},"57":{"start":{"line":139,"column":23},"end":{"line":139,"column":null}},"58":{"start":{"line":142,"column":4},"end":{"line":142,"column":null}},"59":{"start":{"line":143,"column":4},"end":{"line":143,"column":null}},"60":{"start":{"line":146,"column":4},"end":{"line":146,"column":null}},"61":{"start":{"line":147,"column":4},"end":{"line":147,"column":null}},"62":{"start":{"line":150,"column":4},"end":{"line":153,"column":null}}},"fnMap":{"0":{"name":"(anonymous_0)","decl":{"start":{"line":13,"column":2},"end":{"line":13,"column":14}},"loc":{"start":{"line":13,"column":27},"end":{"line":40,"column":null}},"line":13},"1":{"name":"(anonymous_1)","decl":{"start":{"line":23,"column":19},"end":{"line":23,"column":20}},"loc":{"start":{"line":23,"column":75},"end":{"line":30,"column":null}},"line":23},"2":{"name":"(anonymous_2)","decl":{"start":{"line":33,"column":39},"end":{"line":33,"column":40}},"loc":{"start":{"line":33,"column":51},"end":{"line":39,"column":5}},"line":33},"3":{"name":"(anonymous_3)","decl":{"start":{"line":42,"column":2},"end":{"line":42,"column":10}},"loc":{"start":{"line":42,"column":29},"end":{"line":88,"column":null}},"line":42},"4":{"name":"(anonymous_4)","decl":{"start":{"line":91,"column":9},"end":{"line":91,"column":79}},"loc":{"start":{"line":91,"column":79},"end":{"line":120,"column":null}},"line":91},"5":{"name":"(anonymous_5)","decl":{"start":{"line":122,"column":2},"end":{"line":122,"column":13}},"loc":{"start":{"line":122,"column":31},"end":{"line":128,"column":null}},"line":122},"6":{"name":"(anonymous_6)","decl":{"start":{"line":130,"column":2},"end":{"line":130,"column":17}},"loc":{"start":{"line":130,"column":17},"end":{"line":134,"column":null}},"line":130},"7":{"name":"(anonymous_7)","decl":{"start":{"line":136,"column":10},"end":{"line":136,"column":23}},"loc":{"start":{"line":136,"column":23},"end":{"line":154,"column":null}},"line":136}},"branchMap":{"0":{"loc":{"start":{"line":24,"column":6},"end":{"line":24,"column":null}},"type":"if","locations":[{"start":{"line":24,"column":6},"end":{"line":24,"column":null}},{"start":{},"end":{}}],"line":24},"1":{"loc":{"start":{"line":25,"column":6},"end":{"line":25,"column":null}},"type":"if","locations":[{"start":{"line":25,"column":6},"end":{"line":25,"column":null}},{"start":{},"end":{}}],"line":25},"2":{"loc":{"start":{"line":26,"column":6},"end":{"line":26,"column":null}},"type":"if","locations":[{"start":{"line":26,"column":6},"end":{"line":26,"column":null}},{"start":{},"end":{}}],"line":26},"3":{"loc":{"start":{"line":27,"column":21},"end":{"line":27,"column":null}},"type":"binary-expr","locations":[{"start":{"line":27,"column":21},"end":{"line":27,"column":37}},{"start":{"line":27,"column":37},"end":{"line":27,"column":null}}],"line":27},"4":{"loc":{"start":{"line":28,"column":25},"end":{"line":28,"column":null}},"type":"binary-expr","locations":[{"start":{"line":28,"column":25},"end":{"line":28,"column":45}},{"start":{"line":28,"column":45},"end":{"line":28,"column":null}}],"line":28},"5":{"loc":{"start":{"line":36,"column":6},"end":{"line":38,"column":null}},"type":"if","locations":[{"start":{"line":36,"column":6},"end":{"line":38,"column":null}},{"start":{},"end":{}}],"line":36},"6":{"loc":{"start":{"line":58,"column":10},"end":{"line":64,"column":null}},"type":"binary-expr","locations":[{"start":{"line":58,"column":10},"end":{"line":64,"column":30}},{"start":{"line":64,"column":30},"end":{"line":64,"column":null}}],"line":58},"7":{"loc":{"start":{"line":97,"column":8},"end":{"line":113,"column":null}},"type":"if","locations":[{"start":{"line":97,"column":8},"end":{"line":113,"column":null}},{"start":{"line":101,"column":15},"end":{"line":113,"column":null}}],"line":97},"8":{"loc":{"start":{"line":97,"column":12},"end":{"line":97,"column":93}},"type":"binary-expr","locations":[{"start":{"line":97,"column":12},"end":{"line":97,"column":45}},{"start":{"line":97,"column":45},"end":{"line":97,"column":93}}],"line":97},"9":{"loc":{"start":{"line":107,"column":20},"end":{"line":107,"column":null}},"type":"binary-expr","locations":[{"start":{"line":107,"column":20},"end":{"line":107,"column":30}},{"start":{"line":107,"column":30},"end":{"line":107,"column":null}}],"line":107},"10":{"loc":{"start":{"line":108,"column":20},"end":{"line":108,"column":null}},"type":"binary-expr","locations":[{"start":{"line":108,"column":20},"end":{"line":108,"column":30}},{"start":{"line":108,"column":30},"end":{"line":108,"column":null}}],"line":108},"11":{"loc":{"start":{"line":124,"column":4},"end":{"line":127,"column":null}},"type":"if","locations":[{"start":{"line":124,"column":4},"end":{"line":127,"column":null}},{"start":{},"end":{}}],"line":124},"12":{"loc":{"start":{"line":125,"column":6},"end":{"line":125,"column":null}},"type":"if","locations":[{"start":{"line":125,"column":6},"end":{"line":125,"column":null}},{"start":{},"end":{}}],"line":125}},"s":{"0":16,"1":16,"2":16,"3":16,"4":16,"5":16,"6":16,"7":16,"8":16,"9":5,"10":11,"11":0,"12":11,"13":0,"14":11,"15":16,"16":16,"17":16,"18":1,"19":1,"20":1,"21":101,"22":101,"23":101,"24":101,"25":101,"26":101,"27":101,"28":101,"29":3,"30":3,"31":2,"32":2,"33":2,"34":2,"35":1,"36":1,"37":1,"38":1,"39":1,"40":1,"41":1,"42":2,"43":2,"44":2,"45":1,"46":1,"47":2,"48":3,"49":0,"50":0,"51":0,"52":0,"53":0,"54":123,"55":4211,"56":16,"57":16,"58":16,"59":16,"60":16,"61":16,"62":16},"f":{"0":16,"1":16,"2":1,"3":101,"4":3,"5":0,"6":123,"7":16},"b":{"0":[5,11],"1":[0,11],"2":[0,11],"3":[11,11],"4":[16,11],"5":[1,0],"6":[101,2],"7":[1,1],"8":[2,1],"9":[2,0],"10":[2,0],"11":[0,0],"12":[0,0]},"meta":{"lastBranch":13,"lastFunction":8,"lastStatement":63,"seen":{"s:11:49:11:Infinity":0,"f:13:2:13:14":0,"s:14:4:14:Infinity":1,"s:15:4:15:Infinity":2,"s:16:4:16:Infinity":3,"s:17:4:17:Infinity":4,"s:18:4:18:Infinity":5,"s:20:4:20:Infinity":6,"s:23:19:30:Infinity":7,"f:23:19:23:20":1,"b:24:6:24:Infinity:undefined:undefined:undefined:undefined":0,"s:24:6:24:Infinity":8,"s:24:40:24:Infinity":9,"b:25:6:25:Infinity:undefined:undefined:undefined:undefined":1,"s:25:6:25:Infinity":10,"s:25:54:25:Infinity":11,"b:26:6:26:Infinity:undefined:undefined:undefined:undefined":2,"s:26:6:26:Infinity":12,"s:26:49:26:Infinity":13,"s:27:6:27:Infinity":14,"b:27:21:27:37:27:37:27:Infinity":3,"s:28:6:28:Infinity":15,"b:28:25:28:45:28:45:28:Infinity":4,"s:29:6:29:Infinity":16,"s:33:4:39:Infinity":17,"f:33:39:33:40":2,"s:35:21:35:Infinity":18,"b:36:6:38:Infinity:undefined:undefined:undefined:undefined":5,"s:36:6:38:Infinity":19,"s:37:8:37:Infinity":20,"f:42:2:42:10":3,"s:43:19:43:Infinity":21,"s:44:4:44:Infinity":22,"s:45:4:45:Infinity":23,"s:46:4:87:Infinity":24,"s:50:8:64:Infinity":25,"b:58:10:64:30:64:30:64:Infinity":6,"s:66:8:72:Infinity":26,"s:75:8:81:Infinity":27,"s:84:6:84:Infinity":28,"f:91:9:91:79":4,"s:92:61:92:Infinity":29,"s:93:4:118:Infinity":30,"s:94:15:94:Infinity":31,"s:95:15:95:Infinity":32,"s:96:6:116:Infinity":33,"b:97:8:113:Infinity:101:15:113:Infinity":7,"s:97:8:113:Infinity":34,"b:97:12:97:45:97:45:97:93":8,"s:98:21:98:Infinity":35,"s:99:10:99:Infinity":36,"s:100:10:100:Infinity":37,"s:103:74:103:Infinity":38,"s:104:21:104:Infinity":39,"s:105:21:105:Infinity":40,"s:106:10:110:Infinity":41,"s:107:12:107:Infinity":42,"b:107:20:107:30:107:30:107:Infinity":9,"s:108:12:108:Infinity":43,"b:108:20:108:30:108:30:108:Infinity":10,"s:109:12:109:Infinity":44,"s:111:10:111:Infinity":45,"s:112:10:112:Infinity":46,"s:117:6:117:Infinity":47,"s:119:4:119:Infinity":48,"f:122:2:122:13":5,"s:123:19:123:Infinity":49,"b:124:4:127:Infinity:undefined:undefined:undefined:undefined":11,"s:124:4:127:Infinity":50,"b:125:6:125:Infinity:undefined:undefined:undefined:undefined":12,"s:125:6:125:Infinity":51,"s:125:25:125:Infinity":52,"s:126:6:126:Infinity":53,"f:130:2:130:17":6,"s:131:4:133:Infinity":54,"s:132:6:132:Infinity":55,"f:136:10:136:23":7,"s:137:4:137:Infinity":56,"s:139:23:139:Infinity":57,"s:142:4:142:Infinity":58,"s:143:4:143:Infinity":59,"s:146:4:146:Infinity":60,"s:147:4:147:Infinity":61,"s:150:4:153:Infinity":62}}},"/Users/renaat/Development-Eigen/FishBowl/src/game/RenderingEngine.ts":{"path":"/Users/renaat/Development-Eigen/FishBowl/src/game/RenderingEngine.ts","statementMap":{"0":{"start":{"line":14,"column":35},"end":{"line":14,"column":null}},"1":{"start":{"line":15,"column":33},"end":{"line":15,"column":null}},"2":{"start":{"line":18,"column":4},"end":{"line":18,"column":null}},"3":{"start":{"line":19,"column":4},"end":{"line":19,"column":null}},"4":{"start":{"line":20,"column":4},"end":{"line":20,"column":null}},"5":{"start":{"line":21,"column":4},"end":{"line":21,"column":null}},"6":{"start":{"line":22,"column":4},"end":{"line":22,"column":null}},"7":{"start":{"line":26,"column":4},"end":{"line":28,"column":null}},"8":{"start":{"line":27,"column":6},"end":{"line":27,"column":null}},"9":{"start":{"line":30,"column":4},"end":{"line":69,"column":null}},"10":{"start":{"line":31,"column":6},"end":{"line":36,"column":null}},"11":{"start":{"line":39,"column":6},"end":{"line":41,"column":null}},"12":{"start":{"line":40,"column":8},"end":{"line":40,"column":null}},"13":{"start":{"line":44,"column":6},"end":{"line":44,"column":null}},"14":{"start":{"line":47,"column":6},"end":{"line":47,"column":null}},"15":{"start":{"line":47,"column":37},"end":{"line":47,"column":67}},"16":{"start":{"line":50,"column":6},"end":{"line":52,"column":null}},"17":{"start":{"line":51,"column":8},"end":{"line":51,"column":null}},"18":{"start":{"line":55,"column":6},"end":{"line":55,"column":null}},"19":{"start":{"line":58,"column":6},"end":{"line":62,"column":null}},"20":{"start":{"line":59,"column":8},"end":{"line":61,"column":null}},"21":{"start":{"line":60,"column":10},"end":{"line":60,"column":null}},"22":{"start":{"line":64,"column":6},"end":{"line":64,"column":null}},"23":{"start":{"line":66,"column":6},"end":{"line":66,"column":null}},"24":{"start":{"line":
[...]
"line":73},"4":{"name":"(anonymous_4)","decl":{"start":{"line":81,"column":16},"end":{"line":81,"column":17}},"loc":{"start":{"line":81,"column":32},"end":{"line":87,"column":null}},"line":81},"5":{"name":"(anonymous_5)","decl":{"start":{"line":83,"column":40},"end":{"line":83,"column":41}},"loc":{"start":{"line":83,"column":47},"end":{"line":83,"column":58}},"line":83},"6":{"name":"(anonymous_6)","decl":{"start":{"line":89,"column":13},"end":{"line":89,"column":14}},"loc":{"start":{"line":89,"column":30},"end":{"line":105,"column":null}},"line":89},"7":{"name":"(anonymous_7)","decl":{"start":{"line":91,"column":40},"end":{"line":91,"column":41}},"loc":{"start":{"line":91,"column":47},"end":{"line":91,"column":63}},"line":91},"8":{"name":"(anonymous_8)","decl":{"start":{"line":93,"column":12},"end":{"line":93,"column":13}},"loc":{"start":{"line":93,"column":24},"end":{"line":97,"column":10}},"line":93},"9":{"name":"(anonymous_9)","decl":{"start":{"line":94,"column":33},"end":{"line":94,"column":34}},"loc":{"start":{"line":94,"column":41},"end":{"line":94,"column":69}},"line":94},"10":{"name":"(anonymous_10)","decl":{"start":{"line":99,"column":12},"end":{"line":99,"column":13}},"loc":{"start":{"line":99,"column":24},"end":{"line":103,"column":10}},"line":99},"11":{"name":"(anonymous_11)","decl":{"start":{"line":107,"column":14},"end":{"line":107,"column":15}},"loc":{"start":{"line":107,"column":32},"end":{"line":139,"column":null}},"line":107},"12":{"name":"(anonymous_12)","decl":{"start":{"line":108,"column":10},"end":{"line":108,"column":11}},"loc":{"start":{"line":108,"column":21},"end":{"line":138,"column":7}},"line":108},"13":{"name":"(anonymous_13)","decl":{"start":{"line":109,"column":48},"end":{"line":109,"column":49}},"loc":{"start":{"line":109,"column":55},"end":{"line":109,"column":70}},"line":109},"14":{"name":"(anonymous_14)","decl":{"start":{"line":114,"column":44},"end":{"line":114,"column":45}},"loc":{"start":{"line":114,"column":51},"end":{"line":114,"column":60}},"line":114},"15":{"name":"(anonymous_15)","decl":{"start":{"line":119,"column":42},"end":{"line":119,"column":43}},"loc":{"start":{"line":119,"column":52},"end":{"line":121,"column":9}},"line":119},"16":{"name":"(anonymous_16)","decl":{"start":{"line":140,"column":15},"end":{"line":140,"column":16}},"loc":{"start":{"line":140,"column":33},"end":{"line":168,"column":null}},"line":140},"17":{"name":"(anonymous_17)","decl":{"start":{"line":141,"column":10},"end":{"line":141,"column":11}},"loc":{"start":{"line":141,"column":21},"end":{"line":167,"column":7}},"line":141},"18":{"name":"(anonymous_18)","decl":{"start":{"line":142,"column":48},"end":{"line":142,"column":49}},"loc":{"start":{"line":142,"column":55},"end":{"line":142,"column":70}},"line":142},"19":{"name":"(anonymous_19)","decl":{"start":{"line":169,"column":15},"end":{"line":169,"column":16}},"loc":{"start":{"line":169,"column":33},"end":{"line":195,"column":null}},"line":169},"20":{"name":"(anonymous_20)","decl":{"start":{"line":170,"column":10},"end":{"line":170,"column":11}},"loc":{"start":{"line":170,"column":21},"end":{"line":194,"column":7}},"line":170},"21":{"name":"(anonymous_21)","decl":{"start":{"line":171,"column":48},"end":{"line":171,"column":49}},"loc":{"start":{"line":171,"column":55},"end":{"line":171,"column":70}},"line":171},"22":{"name":"(anonymous_22)","decl":{"start":{"line":196,"column":17},"end":{"line":196,"column":18}},"loc":{"start":{"line":196,"column":35},"end":{"line":224,"column":null}},"line":196},"23":{"name":"(anonymous_23)","decl":{"start":{"line":197,"column":10},"end":{"line":197,"column":11}},"loc":{"start":{"line":197,"column":21},"end":{"line":223,"column":7}},"line":197},"24":{"name":"(anonymous_24)","decl":{"start":{"line":198,"column":48},"end":{"line":198,"column":49}},"loc":{"start":{"line":198,"column":55},"end":{"line":198,"column":70}},"line":198},"25":{"name":"(anonymous_25)","decl":{"start":{"line":225,"column":13},"end":{"line":225,"column":14}},"loc":{"start":{"line":225,"column":34},"end":{"line":241,"column":null}},"line":225},"26":{"name":"(anonymous_26)","decl":{"start":{"line":227,"column":36},"end":{"line":227,"column":37}},"loc":{"start":{"line":227,"column":43},"end":{"line":227,"column":58}},"line":227},"27":{"name":"(anonymous_27)","decl":{"start":{"line":235,"column":12},"end":{"line":235,"column":13}},"loc":{"start":{"line":235,"column":20},"end":{"line":235,"column":50}},"line":235},"28":{"name":"(anonymous_28)","decl":{"start":{"line":242,"column":14},"end":{"line":242,"column":15}},"loc":{"start":{"line":242,"column":46},"end":{"line":273,"column":null}},"line":242},"29":{"name":"(anonymous_29)","decl":{"start":{"line":243,"column":10},"end":{"line":243,"column":11}},"loc":{"start":{"line":243,"column":21},"end":{"line":272,"column":7}},"line":243},"30":{"name":"(anonymous_30)","decl":{"start":{"line":244,"column":48},"end":{"line":244,"column":49}},"loc":{"start":{"line":244,"column":55},"end":{"line":244,"column":70}},"line":244},"31":{"name":"(anonymous_31)","decl":{"start":{"line":249,"column":46},"end":{"line":249,"column":47}},"loc":{"start":{"line":249,"column":53},"end":{"line":249,"column":68}},"line":249}},"branchMap":{"0":{"loc":{"start":{"line":67,"column":20},"end":{"line":67,"column":null}},"type":"cond-expr","locations":[{"start":{"line":67,"column":48},"end":{"line":67,"column":59}},{"start":{"line":67,"column":59},"end":{"line":67,"column":null}}],"line":67},"1":{"loc":{"start":{"line":67,"column":20},"end":{"line":67,"column":48}},"type":"binary-expr","locations":[{"start":{"line":67,"column":20},"end":{"line":67,"column":29}},{"start":{"line":67,"column":29},"end":{"line":67,"column":48}}],"line":67},"2":{"loc":{"start":{"line":68,"column":48},"end":{"line":68,"column":66}},"type":"binary-expr","locations":[{"start":{"line":68,"column":48},"end":{"line":68,"column":61}},{"start":{"line":68,"column":61},"end":{"line":68,"column":66}}],"line":68},"3":{"loc":{"start":{"line":74,"column":6},"end":{"line":78,"column":null}},"type":"if","locations":[{"start":{"line":74,"column":6},"end":{"line":78,"column":null}},{"start":{"line":76,"column":13},"end":{"line":78,"column":null}}],"line":74},"4":{"loc":{"start":{"line":84,"column":6},"end":{"line":86,"column":null}},"type":"if","locations":[{"start":{"line":84,"column":6},"end":{"line":86,"column":null}},{"start":{},"end":{}}],"line":84},"5":{"loc":{"start":{"line":92,"column":6},"end":{"line":104,"column":null}},"type":"if","locations":[{"start":{"line":92,"column":6},"end":{"line":104,"column":null}},{"start":{"line":98,"column":13},"end":{"line":104,"column":null}}],"line":92},"6":{"loc":{"start":{"line":94,"column":41},"end":{"line":94,"column":69}},"type":"cond-expr","locations":[{"start":{"line":94,"column":60},"end":{"line":94,"column":67}},{"start":{"line":94,"column":67},"end":{"line":94,"column":69}}],"line":94},"7":{"loc":{"start":{"line":110,"column":8},"end":{"line":110,"column":null}},"type":"if","locations":[{"start":{"line":110,"column":8},"end":{"line":110,"column":null}},{"start":{},"end":{}}],"line":110},"8":{"loc":{"start":{"line":112,"column":8},"end":{"line":112,"column":null}},"type":"if","locations":[{"start":{"line":112,"column":8},"end":{"line":112,"column":null}},{"start":{},"end":{}}],"line":112},"9":{"loc":{"start":{"line":117,"column":8},"end":{"line":117,"column":null}},"type":"if","locations":[{"start":{"line":117,"column":8},"end":{"line":117,"column":null}},{"start":{},"end":{}}],"line":117},"10":{"loc":{"start":{"line":136,"column":16},"end":{"line":136,"column":null}},"type":"cond-expr","locations":[{"start":{"line":136,"column":44},"end":{"line":136,"column":58}},{"start":{"line":136,"column":58},"end":{"line":136,"column":null}}],"line":136},"11":{"loc":{"start":{"line":143,"column":8},"end":{"line":143,"column":null}},"type":"if","locations":[{"start":{"line":143,"column":8},"end":{"line":143,"column":null}},{"start":{},"end":{}}],"line":143},"12":{"loc":{"start":{"line":145,"column":8},"end":{"line":145,"column":null}},"type":"if","locations":[{"start":{"line":145,"column":8},"end":{"line":145,"column":null}},{"start":{},"end":{}}],"line":145},"13":{"loc":{"start":{"line":148,"column":8},"end":{"line":148,"column":null}},"type":"if","locations":[{"start":{"line":148,"column":8},"end":{"line":148,"column":null}},{"start":{},"end":{}}],"line":148},"14":{"loc":{"start":{"line":165,"column":16},"end":{"line":165,"column":null}},"type":"cond-expr","locations":[{"start":{"line":165,"column":44},"end":{"line":165,"column":58}},{"start":{"line":165,"column":58},"end":{"line":165,"column":null}}],"line":165},"15":{"loc":{"start":{"line":172,"column":8},"end":{"line":172,"column":null}},"type":"if","locations":[{"start":{"line":172,"column":8},"end":{"line":172,"column":null}},{"start":{},"end":{}}],"line":172},"16":{"loc":{"start":{"line":174,"column":8},"end":{"line":174,"column":null}},"type":"if","locations":[{"start":{"line":174,"column":8},"end":{"line":174,"column":null}},{"start":{},"end":{}}],"line":174},"17":{"loc":{"start":{"line":177,"column":8},"end":{"line":177,"column":null}},"type":"if","locations":[{"start":{"line":177,"column":8},"end":{"line":177,"column":null}},{"start":{},"end":{}}],"line":177},"18":{"loc":{"start":{"line":178,"column":8},"end":{"line":178,"column":null}},"type":"if","locations":[{"start":{"line":178,"column":8},"end":{"line":178,"column":null}},{"start":{},"end":{}}],"line":178},"19":{"loc":{"start":{"line":179,"column":8},"end":{"line":179,"column":null}},"type":"if","locations":[{"start":{"line":179,"column":8},"end":{"line":179,"column":null}},{"start":{},"end":{}}],"line":179},"20":{"loc":{"start":{"line":192,"column":16},"end":{"line":192,"column":null}},"type":"cond-expr","locations":[{"start":{"line":192,"column":44},"end":{"line":192,"column":58}},{"start":{"line":192,"column":58},"end":{"line":192,"column":null}}],"line":192},"21":{"loc":{"start":{"line":199,"column":8},"end":{"line":199,"column":null}},"type":"if","locations":[{"start":{"line":199,"column":8},"end":{"line":199,"column":null}},{"start":{},"end":{}}],"line":199},"22":{"loc":{"start":{"line":201,"column":8},"end":{"line":201,"column":null}},"type":"if","locations":[{"start":{"line":201,"column":8},"end":{"line":201,"column":null}},{"start":{},"end":{}}],"line":201},"23":{"loc":{"start":{"line":204,"column":8},"end":{"line":204,"column":null}},"type":"if","locations":[{"start":{"line":204,"column":8},"end":{"line":204,"column":null}},{"start":{},"end":{}}],"line":204},"24":{"loc":{"start":{"line":205,"column":8},"end":{"line":205,"column":null}},"type":"if","locations":[{"start":{"line":205,"column":8},"end":{"line":205,"column":null}},{"start":{},"end":{}}],"line":205},"25":{"loc":{"start":{"line":221,"column":16},"end":{"line":221,"column":null}},"type":"cond-expr","locations":[{"start":{"line":221,"column":44},"end":{"line":221,"column":58}},{"start":{"line":221,"column":58},"end":{"line":221,"column":null}}],"line":221},"26":{"loc":{"start":{"line":228,"column":6},"end":{"line":228,"column":null}},"type":"if","locations":[{"start":{"line":228,"column":6},"end":{"line":228,"column":null}},{"start":{},"end":{}}],"line":228},"27":{"loc":{"start":{"line":230,"column":6},"end":{"line":240,"column":null}},"type":"if","locations":[{"start":{"line":230,"column":6},"end":{"line":240,"column":null}},{"start":{},"end":{}}],"line":230},"28":{"loc":{"start":{"line":245,"column":8},"end":{"line":245,"column":null}},"type":"if","locations":[{"start":{"line":245,"column":8},"end":{"line":245,"column":null}},{"start":{},"end":{}}],"line":245},"29":{"loc":{"start":{"line":247,"column":8},"end":{"line":247,"column":null}},"type":"if","locations":[{"start":{"line":247,"column":8},"end":{"line":247,"column":null}},{"start":{},"end":{}}],"line":247},"30":{"loc":{"start":{"line":250,"column":8},"end":{"line":250,"column":null}},"type":"if","locations":[{"start":{"line":250,"column":8},"end":{"line":250,"column":null}},{"start":{},"end":{}}],"line":250},"31":{"loc":{"start":{"line":252,"column":8},"end":{"line":252,"column":null}},"type":"if","locations":[{"start":{"line":252,"column":8},"end":{"line":252,"column":null}},{"start":{},"end":{}}],"line":252},"32":{"loc":{"start":{"line":270,"column":16},"end":{"line":270,"column":null}},"type":"cond-expr","locations":[{"start":{"line":270,"column":44},"end":{"line":270,"column":58}},{"start":{"line":270,"column":58},"end":{"line":270,"column":null}}],"line":270}},"s":{"0":20,"1":27,"2":27,"3":3,"4":3,"5":22,"6":22,"7":2,"8":22,"9":0,"10":22,"11":1,"12":1,"13":1,"14":1,"15":1,"16":49,"17":49,"18":50,"19":49,"20":39,"21":39,"22":43,"23":10,"24":10,"25":19,"26":19,"27":19,"28":19,"29":0,"30":19,"31":19,"32":0,"33":19,"34":18,"35":19,"36":19,"37":1,"38":18,"39":18,"40":18,"41":18,"42":18,"43":18,"44":8,"45":8,"46":8,"47":8,"48":0,"49":8,"50":8,"51":0,"52":8,"53":8,"54":1,"55":7,"56":7,"57":7,"58":7,"59":7,"60":7,"61":4,"62":4,"63":5,"64":4,"65":0,"66":4,"67":4,"68":0,"69":4,"70":1,"71":3,"72":0,"73":3,"74":0,"75":3,"76":3,"77":3,"78":3,"79":3,"80":3,"81":3,"82":3,"83":0,"84":3,"85":3,"86":0,"87":3,"88":0,"89":3,"90":1,"91":2,"92":2,"93":2,"94":2,"95":29,"96":29,"97":29,"98":29,"99":0,"100":29,"101":29,"102":29,"103":29,"104":29,"105":29,"106":29,"107":3,"108":3,"109":3,"110":3,"111":0,"112":3,"113":3,"114":0,"115":3,"116":2,"117":3,"118":1,"119":2,"120":2,"121":0,"122":2,"123":2,"124":2,"125":2,"126":2,"127":2,"128":2},"f":{"0":27,"1":3,"2":22,"3":2,"4":1,"5":1,"6":49,"7":50,"8":39,"9":43,"10":10,"11":19,"12":19,"13":19,"14":18,"15":18,"16":8,"17":8,"18":8,"19":4,"20":4,"21":5,"22":3,"23":3,"24":3,"25":29,"26":29,"27":29,"28":3,"29":3,"30":3,"31":2},"b":{"0":[3,0],"1":[3,3],"2":[3,0],"3":[0,22],"4":[1,0],"5":[39,10],"6":[39,4],"7":[0,19],"8":[0,19],"9":[1,18],"10":[18,0],"11":[0,8],"12":[0,8],"13":[1,7],"14":[7,0],"15":[0,4],"16":[0,4],"17":[1,3],"18":[0,3],"19":[0,3],"20":[3,0],"21":[0,3],"22":[0,3],"23":[0,3],"24":[1,2],"25":[2,0],"26":[0,29],"27":[29,0],"28":[0,3],"29":[0,3],"30":[1,2],"31":[0,2],"32":[2,0]},"meta":{"lastBranch":33,"lastFunction":32,"lastStatement":129,"seen":{"s:44:87:275:Infinity":0,"f:44:87:44:88":0,"s:46:29:59:Infinity":1,"s:61:2:274:Infinity":2,"f:66:14:66:15":1,"s:67:20:67:Infinity":3,"b:67:48:67:59:67:59:67:Infinity":0,"b:67:20:67:29:67:29:67:48":1,"s:68:6:68:Infinity":4,"b:68:48:68:61:68:61:68:66":2,"f:71:21:71:22":2,"s:72:22:72:Infinity":5,"s:73:23:73:Infinity":6,"f:73:42:73:43":3,"s:73:49:73:65":7,"b:74:6:78:Infinity:76:13:78:Infinity":3,"s:74:6:78:Infinity":8,"s:75:8:75:Infinity":9,"s:77:8:77:Infinity":10,"f:81:16:81:17":4,"s:82:22:82:Infinity":11,"s:83:21:83:Infinity":12,"f:83:40:83:41":5,"s:83:47:83:58":13,"b:84:6:86:Infinity:undefined:undefined:undefined:undefined":4,"s:84:6:86:Infinity":14,"s:85:8:85:Infinity":15,"f:89:13:89:14":6,"s:90:22:90:Infinity":16,"s:91:21:91:Infinity":17,"f:91:40:91:41":7,"s:91:47:91:63":18,"b:92:6:104:Infinity:98:13:104:Infinity":5,"s:92:6:104:Infinity":19,"s:93:8:97:Infinity":20,"f:93:12:93:13":8,"s:93:24:97:10":21,"f:94:33:94:34":9,"s:94:41:94:69":22,"b:94:60:94:67:94:67:94:69":6,"s:99:8:103:Infinity":23,"f:99:12:99:13":10,"s:99:24:103:10":24,"f:107:14:107:15":11,"s:108:6:138:Infinity":25,"f:108:10:108:11":12,"s:109:26:109:Infinity":26,"f:109:48:109:49":13,"s:109:55:109:70":27,"b:110:8:110:Infinity:undefined:undefined:undefined:undefined":7,"s:110:8:110:Infinity":28,"s:110:30:110:Infinity":29,"s:111:21:111:Infinity":30,"b:112:8:112:Infinity:undefined:undefined:undefined:undefined":8,"s:112:8:112:Infinity":31,"s:112:19:112:Infinity":32,"s:114:27:114:Infinity":33,"f:114:44:114:45":14,"s:114:51:114:60":34,"s:115:21:115:Infinity":35,"b:117:8:117:Infinity:undefined:undefined:undefined:undefined":9,"s:117:8:117:Infinity":36,"s:117:34:117:Infinity":37,"s:119:28:121:Infinity":38,"f:119:42:119:43":15,"s:120:10:120:Infinity":39,"s:123:28:128:Infinity":40,"s:130:25:130:Infinity":41,"s:131:8:131:Infinity":42,"s:133:8:137:Infinity":43,"b:136:44:136:58:136:58:136:Infinity":10,"f:140:15:140:16":16,"s:141:6:167:Infinity":44,"f:141:10:141:11":17,"s:142:26:142:Infinity":45,"f:142:48:142:49":18,"s:142:55:142:70":46,"b:143:8:143:Infinity:undefined:undefined:undefined:undefined":11,"s:143:8:143:Infinity":47,"s:143:30:143:Infinity":48,"s:144:21:144:Infinity":49,"b:145:8:145:Infinity:undefined:undefined:undefined:undefined":12,"s:145:8:145:Infinity":50,"s:145:19:145:Infinity":51,"s:147:21:147:Infinity":52,"b:148:8:148:Infinity:undefined:undefined:undefined:undefined":13,"s:148:8:148:Infinity":53,"s:148:34:148:Infinity":54,"s:150:29:150:Infinity":55,"s:151:32:151:Infinity":56,"s:153:28:157:Infinity":57,"s:159:25:159:Infinity":58,"s:160:8:160:Infinity":59,"s:162:8:166:Infinity":60,"b:165:44:165:58:165:58:165:Infinity":14,"f:169:15:169:16":19,"s:170:6:194:Infinity":61,"f:170:10:170:11":20,"s:171:26:171:Infinity":62,"f:171:48:171:49":21,"s:171:55:171:70":63,"b:172:8:172:Infinity:undefined:undefined:undefined:undefined":15,"s:172:8:172:Infinity":64,"s:172:30:172:Infinity":65,"s:173:21:173:Infinity":66,"b:174:8:174:Infinity:undefined:undefined:undefined:undefined":16,"s:174:8:174:Infinity":67,"s:174:19:174:Infinity":68,"b:177:8:177:Infinity:undefined:undefined:undefined:undefined":17,"s:177:8:177:Infinity":69,"s:177:38:177:Infinity":70,"b:178:8:178:Infinity:undefined:undefined:undefined:undefined":18,"s:178:8:178:Infinity":71,"s:178:28:178:Infinity":72,"b:179:8:179:Infinity:undefined:undefined:undefined:undefined":19,"s:179:8:179:Infinity":73,"s:179:41:179:Infinity":74,"s:181:28:184:Infinity":75,"s:186:25:186:Infinity":76,"s:187:8:187:Infinity":77,"s:189:8:193:Infinity":78,"b:192:44:192:58:192:58:192:Infinity":20,"f:196:17:196:18":22,"s:197:6:223:Infinity":79,"f:197:10:197:11":23,"s:198:26:198:Infinity":80,"f:198:48:198:49":24,"s:198:55:198:70":81,"b:199:8:199:Infinity:undefined:undefined:undefined:undefined":21,"s:199:8:199:Infinity":82,"s:199:30:199:Infinity":83,"s:200:21:200:Infinity":84,"b:201:8:201:Infinity:undefined:undefined:undefined:undefined":22,"s:201:8:201:Infinity":85,"s:201:19:201:Infinity":86,"b:204:8:204:Infinity:undefined:undefined:undefined:undefined":23,"s:204:8:204:Infinity":87,"s:204:34:204:Infinity":88,"b:205:8:205:Infinity:undefined:undefined:undefined:undefined":24,"s:205:8:205:Infinity":89,"s:205:47:205:Infinity":90,"s:207:28:213:Infinity":91,"s:215:25:215:Infinity":92,"s:216:8:216:Infinity":93,"s:218:8:222:Infinity":94,"b:221:44:221:58:221:58:221:Infinity":25,"f:225:13:225:14":25,"s:226:20:226:Infinity":95,"s:227:19:227:Infinity":96,"f:227:36:227:37":26,"s:227:43:227:58":97,"b:228:6:228:Infinity:undefined:undefined:undefined:undefined":26,"s:228:6:228:Infinity":98,"s:228:17:228:Infinity":99,"b:230:6:240:Infinity:undefined:undefined:undefined:undefined":27,"s:230:6:240:Infinity":100,"s:231:21:231:Infinity":101,"s:232:24:232:Infinity":102,"s:235:8:235:Infinity":103,"f:235:12:235:13":27,"s:235:20:235:50":104,"s:238:28:238:Infinity":105,"s:239:8:239:Infinity":106,"f:242:14:242:15":28,"s:243:6:272:Infinity":107,"f:243:10:243:11":29,"s:244:26:244:Infinity":108,"f:244:48:244:49":30,"s:244:55:244:70":109,"b:245:8:245:Infinity:undefined:undefined:undefined:undefined":28,"s:245:8:245:Infinity":110,"s:245:30:245:Infinity":111,"s:246:21:246:Infinity":112,"b:247:8:247:Infinity:undefined:undefined:undefined:undefined":29,"s:247:8:247:Infinity":113,"s:247:19:247:Infinity":114,"s:249:26:249:Infinity":115,"f:249:46:249:47":31,"s:249:53:249:68":116,"b:250:8:250:Infinity:undefined:undefined:undefined:undefined":30,"s:250:8:250:Infinity":117,"s:250:30:250:Infinity":118,"s:251:21:251:Infinity":119,"b:252:8:252:Infinity:undefined:undefined:undefined:undefined":31,"s:252:8:252:Infinity":120,"s:252:19:252:Infinity":121,"s:254:22:254:Infinity":122,"s:256:28:256:Infinity":123,"s:257:8:257:Infinity":124,"s:259:28:262:Infinity":125,"s:264:25:264:Infinity":126,"s:265:8:265:Infinity":127,"s:267:8:271:Infinity":128,"b:270:44:270:58:270:58:270:Infinity":32}}}}}